[0.031s] Invoking command in '/ros2_ws/build/cpp_parameters': CMAKE_PREFIX_PATH=/opt/ros/iron /usr/bin/cmake --build /ros2_ws/build/cpp_parameters -- -j4 -l4
[0.075s] -- Found ament_cmake: 2.0.4 (/opt/ros/iron/share/ament_cmake/cmake)
[0.237s] -- Found rclcpp: 21.0.5 (/opt/ros/iron/share/rclcpp/cmake)
[0.275s] -- Found rosidl_generator_c: 4.0.1 (/opt/ros/iron/share/rosidl_generator_c/cmake)
[0.281s] -- Found rosidl_generator_cpp: 4.0.1 (/opt/ros/iron/share/rosidl_generator_cpp/cmake)
[0.292s] -- Using all available rosidl_typesupport_c: rosidl_typesupport_fastrtps_c;rosidl_typesupport_introspection_c
[0.306s] -- Using all available rosidl_typesupport_cpp: rosidl_typesupport_fastrtps_cpp;rosidl_typesupport_introspection_cpp
[0.461s] -- Found rmw_implementation_cmake: 7.1.0 (/opt/ros/iron/share/rmw_implementation_cmake/cmake)
[0.462s] -- Found rmw_fastrtps_cpp: 7.1.3 (/opt/ros/iron/share/rmw_fastrtps_cpp/cmake)
[0.602s] -- Using RMW implementation 'rmw_fastrtps_cpp' as default
[0.759s] -- Found ament_lint_auto: 0.14.3 (/opt/ros/iron/share/ament_lint_auto/cmake)
[0.851s] -- Added test 'cppcheck' to perform static code analysis on C / C++ code
[0.851s] -- Configured cppcheck include dirs: 
[0.851s] -- Configured cppcheck exclude dirs and/or files: 
[0.851s] -- Added test 'flake8' to check Python code syntax and style conventions
[0.851s] -- Configured 'flake8' exclude dirs and/or files: 
[0.851s] -- Added test 'lint_cmake' to check CMake code style
[0.851s] -- Added test 'pep257' to check Python code against some of the docstring style conventions in PEP 257
[0.851s] -- Added test 'uncrustify' to check C / C++ code style
[0.854s] -- Configured uncrustify additional arguments: 
[0.854s] -- Added test 'xmllint' to check XML markup files
[0.876s] -- Configuring done
[0.877s] -- Generating done
[0.877s] -- Build files have been written to: /ros2_ws/build/cpp_parameters
[0.907s] [35m[1mConsolidate compiler generated dependencies of target minimal_param_node[0m
[0.941s] [100%] Built target minimal_param_node
[0.956s] Invoked command in '/ros2_ws/build/cpp_parameters' returned '0': CMAKE_PREFIX_PATH=/opt/ros/iron /usr/bin/cmake --build /ros2_ws/build/cpp_parameters -- -j4 -l4
[1.026s] Invoking command in '/ros2_ws/build/cpp_parameters': CMAKE_PREFIX_PATH=/opt/ros/iron /usr/bin/cmake --install /ros2_ws/build/cpp_parameters
[1.031s] -- Install configuration: ""
[1.031s] -- Up-to-date: /ros2_ws/install/cpp_parameters/lib/cpp_parameters/minimal_param_node
[1.045s] -- Installing: /ros2_ws/install/cpp_parameters/share/cpp_parameters/launch
[1.045s] -- Installing: /ros2_ws/install/cpp_parameters/share/cpp_parameters/launch/cpp_parameters_launch.py
[1.045s] -- Up-to-date: /ros2_ws/install/cpp_parameters/share/ament_index/resource_index/package_run_dependencies/cpp_parameters
[1.049s] -- Up-to-date: /ros2_ws/install/cpp_parameters/share/ament_index/resource_index/parent_prefix_path/cpp_parameters
[1.052s] -- Up-to-date: /ros2_ws/install/cpp_parameters/share/cpp_parameters/environment/ament_prefix_path.sh
[1.055s] -- Up-to-date: /ros2_ws/install/cpp_parameters/share/cpp_parameters/environment/ament_prefix_path.dsv
[1.059s] -- Up-to-date: /ros2_ws/install/cpp_parameters/share/cpp_parameters/environment/path.sh
[1.062s] -- Up-to-date: /ros2_ws/install/cpp_parameters/share/cpp_parameters/environment/path.dsv
[1.065s] -- Up-to-date: /ros2_ws/install/cpp_parameters/share/cpp_parameters/local_setup.bash
[1.068s] -- Up-to-date: /ros2_ws/install/cpp_parameters/share/cpp_parameters/local_setup.sh
[1.071s] -- Up-to-date: /ros2_ws/install/cpp_parameters/share/cpp_parameters/local_setup.zsh
[1.074s] -- Up-to-date: /ros2_ws/install/cpp_parameters/share/cpp_parameters/local_setup.dsv
[1.077s] -- Installing: /ros2_ws/install/cpp_parameters/share/cpp_parameters/package.dsv
[1.077s] -- Up-to-date: /ros2_ws/install/cpp_parameters/share/ament_index/resource_index/packages/cpp_parameters
[1.078s] -- Up-to-date: /ros2_ws/install/cpp_parameters/share/cpp_parameters/cmake/cpp_parametersConfig.cmake
[1.081s] -- Up-to-date: /ros2_ws/install/cpp_parameters/share/cpp_parameters/cmake/cpp_parametersConfig-version.cmake
[1.089s] -- Up-to-date: /ros2_ws/install/cpp_parameters/share/cpp_parameters/package.xml
[1.097s] Invoked command in '/ros2_ws/build/cpp_parameters' returned '0': CMAKE_PREFIX_PATH=/opt/ros/iron /usr/bin/cmake --install /ros2_ws/build/cpp_parameters
