[0.033s] Invoking command in '/ros2_ws/build/action_tutorials_interfaces': CMAKE_PREFIX_PATH=/opt/ros/iron /usr/bin/cmake /ros2_ws/src/action_tutorials_interfaces -DCMAKE_INSTALL_PREFIX=/ros2_ws/install/action_tutorials_interfaces
[0.070s] -- Found ament_cmake: 2.0.4 (/opt/ros/iron/share/ament_cmake/cmake)
[0.275s] -- Found rosidl_default_generators: 1.5.0 (/opt/ros/iron/share/rosidl_default_generators/cmake)
[0.278s] -- Using all available rosidl_typesupport_c: rosidl_typesupport_fastrtps_c;rosidl_typesupport_introspection_c
[0.320s] -- Using all available rosidl_typesupport_cpp: rosidl_typesupport_fastrtps_cpp;rosidl_typesupport_introspection_cpp
[0.345s] -- Found rosidl_adapter: 4.0.1 (/opt/ros/iron/share/rosidl_adapter/cmake)
[1.227s] -- Found ament_cmake_ros: 0.11.2 (/opt/ros/iron/share/ament_cmake_ros/cmake)
[1.572s] -- Using all available rosidl_typesupport_c: rosidl_typesupport_fastrtps_c;rosidl_typesupport_introspection_c
[1.956s] -- Using all available rosidl_typesupport_cpp: rosidl_typesupport_fastrtps_cpp;rosidl_typesupport_introspection_cpp
[2.020s] -- Found PythonInterp: /usr/bin/python3 (found suitable version "3.10.12", minimum required is "3.6") 
[2.036s] -- Found python_cmake_module: 0.10.2 (/opt/ros/iron/share/python_cmake_module/cmake)
[2.128s] -- Found PythonLibs: /usr/lib/x86_64-linux-gnu/libpython3.10.so (found suitable version "3.10.12", minimum required is "3.5") 
[2.128s] -- Using PYTHON_EXECUTABLE: /usr/bin/python3
[2.128s] -- Using PYTHON_INCLUDE_DIRS: /usr/include/python3.10
[2.128s] -- Using PYTHON_LIBRARIES: /usr/lib/x86_64-linux-gnu/libpython3.10.so
[2.151s] -- Found PythonExtra: .so  
[2.307s] -- Found ament_lint_auto: 0.14.3 (/opt/ros/iron/share/ament_lint_auto/cmake)
[2.452s] -- Added test 'lint_cmake' to check CMake code style
[2.456s] -- Added test 'xmllint' to check XML markup files
[2.483s] -- Configuring done
[2.537s] -- Generating done
[2.546s] -- Build files have been written to: /ros2_ws/build/action_tutorials_interfaces
[2.577s] Invoked command in '/ros2_ws/build/action_tutorials_interfaces' returned '0': CMAKE_PREFIX_PATH=/opt/ros/iron /usr/bin/cmake /ros2_ws/src/action_tutorials_interfaces -DCMAKE_INSTALL_PREFIX=/ros2_ws/install/action_tutorials_interfaces
[2.578s] Invoking command in '/ros2_ws/build/action_tutorials_interfaces': CMAKE_PREFIX_PATH=/opt/ros/iron /usr/bin/cmake --build /ros2_ws/build/action_tutorials_interfaces -- -j4 -l4
[2.687s] [  2%] [34m[1mGenerating type hashes for ROS interfaces[0m
[2.715s] [  2%] Built target ament_cmake_python_copy_action_tutorials_interfaces
[3.114s] running egg_info
[3.116s] creating action_tutorials_interfaces.egg-info
[3.116s] writing action_tutorials_interfaces.egg-info/PKG-INFO
[3.116s] writing dependency_links to action_tutorials_interfaces.egg-info/dependency_links.txt
[3.117s] writing top-level names to action_tutorials_interfaces.egg-info/top_level.txt
[3.117s] writing manifest file 'action_tutorials_interfaces.egg-info/SOURCES.txt'
[3.126s] reading manifest file 'action_tutorials_interfaces.egg-info/SOURCES.txt'
[3.126s] writing manifest file 'action_tutorials_interfaces.egg-info/SOURCES.txt'
[3.145s] [  2%] Built target action_tutorials_interfaces__rosidl_generator_type_description
[3.167s] [  5%] [34m[1mGenerating C code for ROS interfaces[0m
[3.176s] [  5%] Built target ament_cmake_python_build_action_tutorials_interfaces_egg
[3.216s] [  8%] [34m[1mGenerating C++ code for ROS interfaces[0m
[3.962s] [  8%] Built target action_tutorials_interfaces__cpp
[4.046s] [ 11%] [32mBuilding C object CMakeFiles/action_tutorials_interfaces__rosidl_generator_c.dir/rosidl_generator_c/action_tutorials_interfaces/action/detail/fibonacci__description.c.o[0m
[4.048s] [ 17%] [32mBuilding C object CMakeFiles/action_tutorials_interfaces__rosidl_generator_c.dir/rosidl_generator_c/action_tutorials_interfaces/action/detail/fibonacci__type_support.c.o[0m
[4.049s] [ 17%] [32mBuilding C object CMakeFiles/action_tutorials_interfaces__rosidl_generator_c.dir/rosidl_generator_c/action_tutorials_interfaces/action/detail/fibonacci__functions.c.o[0m
[4.397s] [ 20%] [32m[1mLinking C shared library libaction_tutorials_interfaces__rosidl_generator_c.so[0m
[4.502s] [ 20%] Built target action_tutorials_interfaces__rosidl_generator_c
[4.521s] [ 26%] [34m[1mGenerating C introspection for ROS interfaces[0m
[4.523s] [ 26%] [34m[1mGenerating C++ type support dispatch for ROS interfaces[0m
[4.527s] [ 29%] [34m[1mGenerating C type support for eProsima Fast-RTPS[0m
[4.543s] [ 32%] [34m[1mGenerating C type support dispatch for ROS interfaces[0m
[5.027s] [ 35%] [32mBuilding CXX object CMakeFiles/action_tutorials_interfaces__rosidl_typesupport_c.dir/rosidl_typesupport_c/action_tutorials_interfaces/action/fibonacci__type_support.cpp.o[0m
[5.038s] [ 38%] [32mBuilding CXX object CMakeFiles/action_tutorials_interfaces__rosidl_typesupport_cpp.dir/rosidl_typesupport_cpp/action_tutorials_interfaces/action/fibonacci__type_support.cpp.o[0m
[5.177s] [ 41%] [32m[1mLinking CXX shared library libaction_tutorials_interfaces__rosidl_typesupport_c.so[0m
[5.268s] [ 44%] [32mBuilding C object CMakeFiles/action_tutorials_interfaces__rosidl_typesupport_introspection_c.dir/rosidl_typesupport_introspection_c/action_tutorials_interfaces/action/detail/fibonacci__type_support.c.o[0m
[5.278s] [ 47%] [32mBuilding CXX object CMakeFiles/action_tutorials_interfaces__rosidl_typesupport_fastrtps_c.dir/rosidl_typesupport_fastrtps_c/action_tutorials_interfaces/action/detail/fibonacci__type_support_c.cpp.o[0m
[5.367s] [ 47%] Built target action_tutorials_interfaces__rosidl_typesupport_c
[5.420s] [ 50%] [34m[1mGenerating C++ type support for eProsima Fast-RTPS[0m
[5.436s] [ 52%] [32m[1mLinking C shared library libaction_tutorials_interfaces__rosidl_typesupport_introspection_c.so[0m
[5.527s] [ 52%] Built target action_tutorials_interfaces__rosidl_typesupport_introspection_c
[5.536s] [ 55%] [34m[1mGenerating C++ introspection for ROS interfaces[0m
[6.240s] [ 58%] [32mBuilding CXX object CMakeFiles/action_tutorials_interfaces__rosidl_typesupport_introspection_cpp.dir/rosidl_typesupport_introspection_cpp/action_tutorials_interfaces/action/detail/fibonacci__type_support.cpp.o[0m
[6.306s] [ 61%] [32mBuilding CXX object CMakeFiles/action_tutorials_interfaces__rosidl_typesupport_fastrtps_cpp.dir/rosidl_typesupport_fastrtps_cpp/action_tutorials_interfaces/action/detail/dds_fastrtps/fibonacci__type_support.cpp.o[0m
[6.388s] [ 64%] [32m[1mLinking CXX shared library libaction_tutorials_interfaces__rosidl_typesupport_fastrtps_c.so[0m
[6.626s] [ 64%] Built target action_tutorials_interfaces__rosidl_typesupport_fastrtps_c
[7.164s] [ 67%] [32m[1mLinking CXX shared library libaction_tutorials_interfaces__rosidl_typesupport_cpp.so[0m
[7.301s] [ 67%] Built target action_tutorials_interfaces__rosidl_typesupport_cpp
[8.042s] [ 70%] [32m[1mLinking CXX shared library libaction_tutorials_interfaces__rosidl_typesupport_introspection_cpp.so[0m
[8.135s] [ 73%] [32m[1mLinking CXX shared library libaction_tutorials_interfaces__rosidl_typesupport_fastrtps_cpp.so[0m
[8.167s] [ 73%] Built target action_tutorials_interfaces__rosidl_typesupport_introspection_cpp
[8.268s] [ 73%] Built target action_tutorials_interfaces__rosidl_typesupport_fastrtps_cpp
[8.329s] [ 73%] Built target action_tutorials_interfaces
[8.367s] [ 76%] [34m[1mGenerating Python code for ROS interfaces[0m
[9.142s] [ 76%] Built target action_tutorials_interfaces__py
[9.190s] [ 79%] [32mBuilding C object CMakeFiles/action_tutorials_interfaces__rosidl_generator_py.dir/rosidl_generator_py/action_tutorials_interfaces/action/_fibonacci_s.c.o[0m
[9.685s] [ 82%] [32m[1mLinking C shared library rosidl_generator_py/action_tutorials_interfaces/libaction_tutorials_interfaces__rosidl_generator_py.so[0m
[9.810s] [ 82%] Built target action_tutorials_interfaces__rosidl_generator_py
[9.859s] [ 85%] [32mBuilding C object CMakeFiles/action_tutorials_interfaces__rosidl_typesupport_fastrtps_c__pyext.dir/rosidl_generator_py/action_tutorials_interfaces/_action_tutorials_interfaces_s.ep.rosidl_typesupport_fastrtps_c.c.o[0m
[9.860s] [ 88%] [32mBuilding C object CMakeFiles/action_tutorials_interfaces__rosidl_typesupport_c__pyext.dir/rosidl_generator_py/action_tutorials_interfaces/_action_tutorials_interfaces_s.ep.rosidl_typesupport_c.c.o[0m
[9.861s] [ 91%] [32mBuilding C object CMakeFiles/action_tutorials_interfaces__rosidl_typesupport_introspection_c__pyext.dir/rosidl_generator_py/action_tutorials_interfaces/_action_tutorials_interfaces_s.ep.rosidl_typesupport_introspection_c.c.o[0m
[10.036s] [ 94%] [32m[1mLinking C shared library rosidl_generator_py/action_tutorials_interfaces/action_tutorials_interfaces_s__rosidl_typesupport_c.cpython-310-x86_64-linux-gnu.so[0m
[10.065s] [ 97%] [32m[1mLinking C shared library rosidl_generator_py/action_tutorials_interfaces/action_tutorials_interfaces_s__rosidl_typesupport_introspection_c.cpython-310-x86_64-linux-gnu.so[0m
[10.072s] [100%] [32m[1mLinking C shared library rosidl_generator_py/action_tutorials_interfaces/action_tutorials_interfaces_s__rosidl_typesupport_fastrtps_c.cpython-310-x86_64-linux-gnu.so[0m
[10.141s] [100%] Built target action_tutorials_interfaces__rosidl_typesupport_c__pyext
[10.153s] [100%] Built target action_tutorials_interfaces__rosidl_typesupport_introspection_c__pyext
[10.167s] [100%] Built target action_tutorials_interfaces__rosidl_typesupport_fastrtps_c__pyext
[10.186s] Invoked command in '/ros2_ws/build/action_tutorials_interfaces' returned '0': CMAKE_PREFIX_PATH=/opt/ros/iron /usr/bin/cmake --build /ros2_ws/build/action_tutorials_interfaces -- -j4 -l4
[10.414s] Invoking command in '/ros2_ws/build/action_tutorials_interfaces': CMAKE_PREFIX_PATH=/opt/ros/iron /usr/bin/cmake --install /ros2_ws/build/action_tutorials_interfaces
[10.428s] -- Install configuration: ""
[10.428s] -- Installing: /ros2_ws/install/action_tutorials_interfaces/share/ament_index/resource_index/rosidl_interfaces/action_tutorials_interfaces
[10.428s] -- Installing: /ros2_ws/install/action_tutorials_interfaces/share/action_tutorials_interfaces/action/Fibonacci.json
[10.428s] -- Installing: /ros2_ws/install/action_tutorials_interfaces/include/action_tutorials_interfaces/action_tutorials_interfaces
[10.428s] -- Installing: /ros2_ws/install/action_tutorials_interfaces/include/action_tutorials_interfaces/action_tutorials_interfaces/msg
[10.429s] -- Installing: /ros2_ws/install/action_tutorials_interfaces/include/action_tutorials_interfaces/action_tutorials_interfaces/msg/rosidl_generator_c__visibility_control.h
[10.429s] -- Installing: /ros2_ws/install/action_tutorials_interfaces/include/action_tutorials_interfaces/action_tutorials_interfaces/action
[10.429s] -- Installing: /ros2_ws/install/action_tutorials_interfaces/include/action_tutorials_interfaces/action_tutorials_interfaces/action/fibonacci.h
[10.429s] -- Installing: /ros2_ws/install/action_tutorials_interfaces/include/action_tutorials_interfaces/action_tutorials_interfaces/action/detail
[10.429s] -- Installing: /ros2_ws/install/action_tutorials_interfaces/include/action_tutorials_interfaces/action_tutorials_interfaces/action/detail/fibonacci__type_support.c
[10.429s] -- Installing: /ros2_ws/install/action_tutorials_interfaces/include/action_tutorials_interfaces/action_tutorials_interfaces/action/detail/fibonacci__struct.h
[10.429s] -- Installing: /ros2_ws/install/action_tutorials_interfaces/include/action_tutorials_interfaces/action_tutorials_interfaces/action/detail/fibonacci__type_support.h
[10.429s] -- Installing: /ros2_ws/install/action_tutorials_interfaces/include/action_tutorials_interfaces/action_tutorials_interfaces/action/detail/fibonacci__functions.c
[10.429s] -- Installing: /ros2_ws/install/action_tutorials_interfaces/include/action_tutorials_interfaces/action_tutorials_interfaces/action/detail/fibonacci__description.c
[10.429s] -- Installing: /ros2_ws/install/action_tutorials_interfaces/include/action_tutorials_interfaces/action_tutorials_interfaces/action/detail/fibonacci__functions.h
[10.429s] -- Installing: /ros2_ws/install/action_tutorials_interfaces/share/action_tutorials_interfaces/environment/library_path.sh
[10.429s] -- Installing: /ros2_ws/install/action_tutorials_interfaces/share/action_tutorials_interfaces/environment/library_path.dsv
[10.429s] -- Installing: /ros2_ws/install/action_tutorials_interfaces/lib/libaction_tutorials_interfaces__rosidl_generator_c.so
[10.430s] -- Set runtime path of "/ros2_ws/install/action_tutorials_interfaces/lib/libaction_tutorials_interfaces__rosidl_generator_c.so" to ""
[10.430s] -- Up-to-date: /ros2_ws/install/action_tutorials_interfaces/include/action_tutorials_interfaces/action_tutorials_interfaces
[10.430s] -- Up-to-date: /ros2_ws/install/action_tutorials_interfaces/include/action_tutorials_interfaces/action_tutorials_interfaces/msg
[10.430s] -- Installing: /ros2_ws/install/action_tutorials_interfaces/include/action_tutorials_interfaces/action_tutorials_interfaces/msg/rosidl_typesupport_fastrtps_c__visibility_control.h
[10.431s] -- Up-to-date: /ros2_ws/install/action_tutorials_interfaces/include/action_tutorials_interfaces/action_tutorials_interfaces/action
[10.431s] -- Up-to-date: /ros2_ws/install/action_tutorials_interfaces/include/action_tutorials_interfaces/action_tutorials_interfaces/action/detail
[10.431s] -- Installing: /ros2_ws/install/action_tutorials_interfaces/include/action_tutorials_interfaces/action_tutorials_interfaces/action/detail/fibonacci__rosidl_typesupport_fastrtps_c.h
[10.431s] -- Installing: /ros2_ws/install/action_tutorials_interfaces/lib/libaction_tutorials_interfaces__rosidl_typesupport_fastrtps_c.so
[10.432s] -- Set runtime path of "/ros2_ws/install/action_tutorials_interfaces/lib/libaction_tutorials_interfaces__rosidl_typesupport_fastrtps_c.so" to ""
[10.432s] -- Up-to-date: /ros2_ws/install/action_tutorials_interfaces/include/action_tutorials_interfaces/action_tutorials_interfaces
[10.432s] -- Up-to-date: /ros2_ws/install/action_tutorials_interfaces/include/action_tutorials_interfaces/action_tutorials_interfaces/msg
[10.432s] -- Installing: /ros2_ws/install/action_tutorials_interfaces/include/action_tutorials_interfaces/action_tutorials_interfaces/msg/rosidl_typesupport_introspection_c__visibility_control.h
[10.432s] -- Up-to-date: /ros2_ws/install/action_tutorials_interfaces/include/action_tutorials_interfaces/action_tutorials_interfaces/action
[10.432s] -- Up-to-date: /ros2_ws/install/action_tutorials_interfaces/include/action_tutorials_interfaces/action_tutorials_interfaces/action/detail
[10.432s] -- Installing: /ros2_ws/install/action_tutorials_interfaces/include/action_tutorials_interfaces/action_tutorials_interfaces/action/detail/fibonacci__type_support.c
[10.433s] -- Installing: /ros2_ws/install/action_tutorials_interfaces/include/action_tutorials_interfaces/action_tutorials_interfaces/action/detail/fibonacci__rosidl_typesupport_introspection_c.h
[10.433s] -- Installing: /ros2_ws/install/action_tutorials_interfaces/lib/libaction_tutorials_interfaces__rosidl_typesupport_introspection_c.so
[10.433s] -- Set runtime path of "/ros2_ws/install/action_tutorials_interfaces/lib/libaction_tutorials_interfaces__rosidl_typesupport_introspection_c.so" to ""
[10.434s] -- Installing: /ros2_ws/install/action_tutorials_interfaces/lib/libaction_tutorials_interfaces__rosidl_typesupport_c.so
[10.434s] -- Set runtime path of "/ros2_ws/install/action_tutorials_interfaces/lib/libaction_tutorials_interfaces__rosidl_typesupport_c.so" to ""
[10.434s] -- Up-to-date: /ros2_ws/install/action_tutorials_interfaces/include/action_tutorials_interfaces/action_tutorials_interfaces
[10.434s] -- Up-to-date: /ros2_ws/install/action_tutorials_interfaces/include/action_tutorials_interfaces/action_tutorials_interfaces/action
[10.434s] -- Up-to-date: /ros2_ws/install/action_tutorials_interfaces/include/action_tutorials_interfaces/action_tutorials_interfaces/action/detail
[10.435s] -- Installing: /ros2_ws/install/action_tutorials_interfaces/include/action_tutorials_interfaces/action_tutorials_interfaces/action/detail/fibonacci__traits.hpp
[10.435s] -- Installing: /ros2_ws/install/action_tutorials_interfaces/include/action_tutorials_interfaces/action_tutorials_interfaces/action/detail/fibonacci__struct.hpp
[10.436s] -- Installing: /ros2_ws/install/action_tutorials_interfaces/include/action_tutorials_interfaces/action_tutorials_interfaces/action/detail/fibonacci__builder.hpp
[10.436s] -- Installing: /ros2_ws/install/action_tutorials_interfaces/include/action_tutorials_interfaces/action_tutorials_interfaces/action/fibonacci.hpp
[10.436s] -- Up-to-date: /ros2_ws/install/action_tutorials_interfaces/include/action_tutorials_interfaces/action_tutorials_interfaces
[10.436s] -- Up-to-date: /ros2_ws/install/action_tutorials_interfaces/include/action_tutorials_interfaces/action_tutorials_interfaces/msg
[10.436s] -- Installing: /ros2_ws/install/action_tutorials_interfaces/include/action_tutorials_interfaces/action_tutorials_interfaces/msg/rosidl_typesupport_fastrtps_cpp__visibility_control.h
[10.436s] -- Up-to-date: /ros2_ws/install/action_tutorials_interfaces/include/action_tutorials_interfaces/action_tutorials_interfaces/action
[10.437s] -- Up-to-date: /ros2_ws/install/action_tutorials_interfaces/include/action_tutorials_interfaces/action_tutorials_interfaces/action/detail
[10.437s] -- Installing: /ros2_ws/install/action_tutorials_interfaces/include/action_tutorials_interfaces/action_tutorials_interfaces/action/detail/fibonacci__rosidl_typesupport_fastrtps_cpp.hpp
[10.437s] -- Installing: /ros2_ws/install/action_tutorials_interfaces/include/action_tutorials_interfaces/action_tutorials_interfaces/action/detail/dds_fastrtps
[10.437s] -- Installing: /ros2_ws/install/action_tutorials_interfaces/lib/libaction_tutorials_interfaces__rosidl_typesupport_fastrtps_cpp.so
[10.438s] -- Set runtime path of "/ros2_ws/install/action_tutorials_interfaces/lib/libaction_tutorials_interfaces__rosidl_typesupport_fastrtps_cpp.so" to ""
[10.438s] -- Up-to-date: /ros2_ws/install/action_tutorials_interfaces/include/action_tutorials_interfaces/action_tutorials_interfaces
[10.438s] -- Up-to-date: /ros2_ws/install/action_tutorials_interfaces/include/action_tutorials_interfaces/action_tutorials_interfaces/action
[10.438s] -- Up-to-date: /ros2_ws/install/action_tutorials_interfaces/include/action_tutorials_interfaces/action_tutorials_interfaces/action/detail
[10.438s] -- Installing: /ros2_ws/install/action_tutorials_interfaces/include/action_tutorials_interfaces/action_tutorials_interfaces/action/detail/fibonacci__rosidl_typesupport_introspection_cpp.hpp
[10.438s] -- Installing: /ros2_ws/install/action_tutorials_interfaces/include/action_tutorials_interfaces/action_tutorials_interfaces/action/detail/fibonacci__type_support.cpp
[10.439s] -- Installing: /ros2_ws/install/action_tutorials_interfaces/lib/libaction_tutorials_interfaces__rosidl_typesupport_introspection_cpp.so
[10.439s] -- Set runtime path of "/ros2_ws/install/action_tutorials_interfaces/lib/libaction_tutorials_interfaces__rosidl_typesupport_introspection_cpp.so" to ""
[10.440s] -- Installing: /ros2_ws/install/action_tutorials_interfaces/lib/libaction_tutorials_interfaces__rosidl_typesupport_cpp.so
[10.440s] -- Set runtime path of "/ros2_ws/install/action_tutorials_interfaces/lib/libaction_tutorials_interfaces__rosidl_typesupport_cpp.so" to ""
[10.440s] -- Installing: /ros2_ws/install/action_tutorials_interfaces/share/action_tutorials_interfaces/environment/pythonpath.sh
[10.440s] -- Installing: /ros2_ws/install/action_tutorials_interfaces/share/action_tutorials_interfaces/environment/pythonpath.dsv
[10.441s] -- Installing: /ros2_ws/install/action_tutorials_interfaces/lib/python3.10/site-packages/action_tutorials_interfaces-0.0.0-py3.10.egg-info
[10.441s] -- Installing: /ros2_ws/install/action_tutorials_interfaces/lib/python3.10/site-packages/action_tutorials_interfaces-0.0.0-py3.10.egg-info/PKG-INFO
[10.441s] -- Installing: /ros2_ws/install/action_tutorials_interfaces/lib/python3.10/site-packages/action_tutorials_interfaces-0.0.0-py3.10.egg-info/SOURCES.txt
[10.441s] -- Installing: /ros2_ws/install/action_tutorials_interfaces/lib/python3.10/site-packages/action_tutorials_interfaces-0.0.0-py3.10.egg-info/dependency_links.txt
[10.441s] -- Installing: /ros2_ws/install/action_tutorials_interfaces/lib/python3.10/site-packages/action_tutorials_interfaces-0.0.0-py3.10.egg-info/top_level.txt
[10.441s] -- Installing: /ros2_ws/install/action_tutorials_interfaces/lib/python3.10/site-packages/action_tutorials_interfaces
[10.441s] -- Installing: /ros2_ws/install/action_tutorials_interfaces/lib/python3.10/site-packages/action_tutorials_interfaces/libaction_tutorials_interfaces__rosidl_generator_py.so
[10.442s] -- Installing: /ros2_ws/install/action_tutorials_interfaces/lib/python3.10/site-packages/action_tutorials_interfaces/action_tutorials_interfaces_s__rosidl_typesupport_fastrtps_c.cpython-310-x86_64-linux-gnu.so
[10.442s] -- Installing: /ros2_ws/install/action_tutorials_interfaces/lib/python3.10/site-packages/action_tutorials_interfaces/_action_tutorials_interfaces_s.ep.rosidl_typesupport_introspection_c.c
[10.443s] -- Installing: /ros2_ws/install/action_tutorials_interfaces/lib/python3.10/site-packages/action_tutorials_interfaces/_action_tutorials_interfaces_s.ep.rosidl_typesupport_fastrtps_c.c
[10.443s] -- Installing: /ros2_ws/install/action_tutorials_interfaces/lib/python3.10/site-packages/action_tutorials_interfaces/action
[10.443s] -- Installing: /ros2_ws/install/action_tutorials_interfaces/lib/python3.10/site-packages/action_tutorials_interfaces/action/_fibonacci_s.c
[10.443s] -- Installing: /ros2_ws/install/action_tutorials_interfaces/lib/python3.10/site-packages/action_tutorials_interfaces/action/__init__.py
[10.443s] -- Installing: /ros2_ws/install/action_tutorials_interfaces/lib/python3.10/site-packages/action_tutorials_interfaces/action/_fibonacci.py
[10.444s] -- Installing: /ros2_ws/install/action_tutorials_interfaces/lib/python3.10/site-packages/action_tutorials_interfaces/action_tutorials_interfaces_s__rosidl_typesupport_c.cpython-310-x86_64-linux-gnu.so
[10.444s] -- Installing: /ros2_ws/install/action_tutorials_interfaces/lib/python3.10/site-packages/action_tutorials_interfaces/action_tutorials_interfaces_s__rosidl_typesupport_introspection_c.cpython-310-x86_64-linux-gnu.so
[10.445s] -- Installing: /ros2_ws/install/action_tutorials_interfaces/lib/python3.10/site-packages/action_tutorials_interfaces/__init__.py
[10.445s] -- Installing: /ros2_ws/install/action_tutorials_interfaces/lib/python3.10/site-packages/action_tutorials_interfaces/_action_tutorials_interfaces_s.ep.rosidl_typesupport_c.c
[10.493s] Listing '/ros2_ws/install/action_tutorials_interfaces/lib/python3.10/site-packages/action_tutorials_interfaces'...
[10.493s] Compiling '/ros2_ws/install/action_tutorials_interfaces/lib/python3.10/site-packages/action_tutorials_interfaces/__init__.py'...
[10.493s] Listing '/ros2_ws/install/action_tutorials_interfaces/lib/python3.10/site-packages/action_tutorials_interfaces/action'...
[10.493s] Compiling '/ros2_ws/install/action_tutorials_interfaces/lib/python3.10/site-packages/action_tutorials_interfaces/action/__init__.py'...
[10.493s] Compiling '/ros2_ws/install/action_tutorials_interfaces/lib/python3.10/site-packages/action_tutorials_interfaces/action/_fibonacci.py'...
[10.507s] -- Installing: /ros2_ws/install/action_tutorials_interfaces/lib/python3.10/site-packages/action_tutorials_interfaces/action_tutorials_interfaces_s__rosidl_typesupport_fastrtps_c.cpython-310-x86_64-linux-gnu.so
[10.508s] -- Set runtime path of "/ros2_ws/install/action_tutorials_interfaces/lib/python3.10/site-packages/action_tutorials_interfaces/action_tutorials_interfaces_s__rosidl_typesupport_fastrtps_c.cpython-310-x86_64-linux-gnu.so" to ""
[10.508s] -- Installing: /ros2_ws/install/action_tutorials_interfaces/lib/python3.10/site-packages/action_tutorials_interfaces/action_tutorials_interfaces_s__rosidl_typesupport_introspection_c.cpython-310-x86_64-linux-gnu.so
[10.508s] -- Set runtime path of "/ros2_ws/install/action_tutorials_interfaces/lib/python3.10/site-packages/action_tutorials_interfaces/action_tutorials_interfaces_s__rosidl_typesupport_introspection_c.cpython-310-x86_64-linux-gnu.so" to ""
[10.509s] -- Installing: /ros2_ws/install/action_tutorials_interfaces/lib/python3.10/site-packages/action_tutorials_interfaces/action_tutorials_interfaces_s__rosidl_typesupport_c.cpython-310-x86_64-linux-gnu.so
[10.510s] -- Set runtime path of "/ros2_ws/install/action_tutorials_interfaces/lib/python3.10/site-packages/action_tutorials_interfaces/action_tutorials_interfaces_s__rosidl_typesupport_c.cpython-310-x86_64-linux-gnu.so" to ""
[10.514s] -- Installing: /ros2_ws/install/action_tutorials_interfaces/lib/libaction_tutorials_interfaces__rosidl_generator_py.so
[10.514s] -- Set runtime path of "/ros2_ws/install/action_tutorials_interfaces/lib/libaction_tutorials_interfaces__rosidl_generator_py.so" to ""
[10.523s] -- Installing: /ros2_ws/install/action_tutorials_interfaces/share/action_tutorials_interfaces/action/Fibonacci.idl
[10.523s] -- Installing: /ros2_ws/install/action_tutorials_interfaces/share/action_tutorials_interfaces/action/Fibonacci.action
[10.524s] -- Installing: /ros2_ws/install/action_tutorials_interfaces/share/ament_index/resource_index/package_run_dependencies/action_tutorials_interfaces
[10.524s] -- Installing: /ros2_ws/install/action_tutorials_interfaces/share/ament_index/resource_index/parent_prefix_path/action_tutorials_interfaces
[10.524s] -- Installing: /ros2_ws/install/action_tutorials_interfaces/share/action_tutorials_interfaces/environment/ament_prefix_path.sh
[10.525s] -- Installing: /ros2_ws/install/action_tutorials_interfaces/share/action_tutorials_interfaces/environment/ament_prefix_path.dsv
[10.525s] -- Installing: /ros2_ws/install/action_tutorials_interfaces/share/action_tutorials_interfaces/environment/path.sh
[10.525s] -- Installing: /ros2_ws/install/action_tutorials_interfaces/share/action_tutorials_interfaces/environment/path.dsv
[10.525s] -- Installing: /ros2_ws/install/action_tutorials_interfaces/share/action_tutorials_interfaces/local_setup.bash
[10.525s] -- Installing: /ros2_ws/install/action_tutorials_interfaces/share/action_tutorials_interfaces/local_setup.sh
[10.525s] -- Installing: /ros2_ws/install/action_tutorials_interfaces/share/action_tutorials_interfaces/local_setup.zsh
[10.525s] -- Installing: /ros2_ws/install/action_tutorials_interfaces/share/action_tutorials_interfaces/local_setup.dsv
[10.525s] -- Installing: /ros2_ws/install/action_tutorials_interfaces/share/action_tutorials_interfaces/package.dsv
[10.527s] -- Installing: /ros2_ws/install/action_tutorials_interfaces/share/ament_index/resource_index/packages/action_tutorials_interfaces
[10.527s] -- Installing: /ros2_ws/install/action_tutorials_interfaces/share/action_tutorials_interfaces/cmake/export_action_tutorials_interfaces__rosidl_generator_cExport.cmake
[10.527s] -- Installing: /ros2_ws/install/action_tutorials_interfaces/share/action_tutorials_interfaces/cmake/export_action_tutorials_interfaces__rosidl_generator_cExport-noconfig.cmake
[10.528s] -- Installing: /ros2_ws/install/action_tutorials_interfaces/share/action_tutorials_interfaces/cmake/export_action_tutorials_interfaces__rosidl_typesupport_fastrtps_cExport.cmake
[10.528s] -- Installing: /ros2_ws/install/action_tutorials_interfaces/share/action_tutorials_interfaces/cmake/export_action_tutorials_interfaces__rosidl_typesupport_fastrtps_cExport-noconfig.cmake
[10.528s] -- Installing: /ros2_ws/install/action_tutorials_interfaces/share/action_tutorials_interfaces/cmake/action_tutorials_interfaces__rosidl_typesupport_introspection_cExport.cmake
[10.528s] -- Installing: /ros2_ws/install/action_tutorials_interfaces/share/action_tutorials_interfaces/cmake/action_tutorials_interfaces__rosidl_typesupport_introspection_cExport-noconfig.cmake
[10.528s] -- Installing: /ros2_ws/install/action_tutorials_interfaces/share/action_tutorials_interfaces/cmake/action_tutorials_interfaces__rosidl_typesupport_cExport.cmake
[10.528s] -- Installing: /ros2_ws/install/action_tutorials_interfaces/share/action_tutorials_interfaces/cmake/action_tutorials_interfaces__rosidl_typesupport_cExport-noconfig.cmake
[10.528s] -- Installing: /ros2_ws/install/action_tutorials_interfaces/share/action_tutorials_interfaces/cmake/export_action_tutorials_interfaces__rosidl_generator_cppExport.cmake
[10.528s] -- Installing: /ros2_ws/install/action_tutorials_interfaces/share/action_tutorials_interfaces/cmake/export_action_tutorials_interfaces__rosidl_typesupport_fastrtps_cppExport.cmake
[10.528s] -- Installing: /ros2_ws/install/action_tutorials_interfaces/share/action_tutorials_interfaces/cmake/export_action_tutorials_interfaces__rosidl_typesupport_fastrtps_cppExport-noconfig.cmake
[10.528s] -- Installing: /ros2_ws/install/action_tutorials_interfaces/share/action_tutorials_interfaces/cmake/action_tutorials_interfaces__rosidl_typesupport_introspection_cppExport.cmake
[10.528s] -- Installing: /ros2_ws/install/action_tutorials_interfaces/share/action_tutorials_interfaces/cmake/action_tutorials_interfaces__rosidl_typesupport_introspection_cppExport-noconfig.cmake
[10.528s] -- Installing: /ros2_ws/install/action_tutorials_interfaces/share/action_tutorials_interfaces/cmake/action_tutorials_interfaces__rosidl_typesupport_cppExport.cmake
[10.528s] -- Installing: /ros2_ws/install/action_tutorials_interfaces/share/action_tutorials_interfaces/cmake/action_tutorials_interfaces__rosidl_typesupport_cppExport-noconfig.cmake
[10.528s] -- Installing: /ros2_ws/install/action_tutorials_interfaces/share/action_tutorials_interfaces/cmake/export_action_tutorials_interfaces__rosidl_generator_pyExport.cmake
[10.529s] -- Installing: /ros2_ws/install/action_tutorials_interfaces/share/action_tutorials_interfaces/cmake/export_action_tutorials_interfaces__rosidl_generator_pyExport-noconfig.cmake
[10.529s] -- Installing: /ros2_ws/install/action_tutorials_interfaces/share/action_tutorials_interfaces/cmake/rosidl_cmake-extras.cmake
[10.529s] -- Installing: /ros2_ws/install/action_tutorials_interfaces/share/action_tutorials_interfaces/cmake/ament_cmake_export_dependencies-extras.cmake
[10.529s] -- Installing: /ros2_ws/install/action_tutorials_interfaces/share/action_tutorials_interfaces/cmake/ament_cmake_export_include_directories-extras.cmake
[10.529s] -- Installing: /ros2_ws/install/action_tutorials_interfaces/share/action_tutorials_interfaces/cmake/ament_cmake_export_libraries-extras.cmake
[10.529s] -- Installing: /ros2_ws/install/action_tutorials_interfaces/share/action_tutorials_interfaces/cmake/ament_cmake_export_targets-extras.cmake
[10.529s] -- Installing: /ros2_ws/install/action_tutorials_interfaces/share/action_tutorials_interfaces/cmake/rosidl_cmake_export_typesupport_targets-extras.cmake
[10.529s] -- Installing: /ros2_ws/install/action_tutorials_interfaces/share/action_tutorials_interfaces/cmake/rosidl_cmake_export_typesupport_libraries-extras.cmake
[10.529s] -- Installing: /ros2_ws/install/action_tutorials_interfaces/share/action_tutorials_interfaces/cmake/action_tutorials_interfacesConfig.cmake
[10.529s] -- Installing: /ros2_ws/install/action_tutorials_interfaces/share/action_tutorials_interfaces/cmake/action_tutorials_interfacesConfig-version.cmake
[10.529s] -- Installing: /ros2_ws/install/action_tutorials_interfaces/share/action_tutorials_interfaces/package.xml
[10.532s] Invoked command in '/ros2_ws/build/action_tutorials_interfaces' returned '0': CMAKE_PREFIX_PATH=/opt/ros/iron /usr/bin/cmake --install /ros2_ws/build/action_tutorials_interfaces
