[0.063s] Invoking command in '/ros2_ws/build/more_interfaces': CMAKE_PREFIX_PATH=/opt/ros/iron /usr/bin/cmake /ros2_ws/src/more_interfaces -DCMAKE_INSTALL_PREFIX=/ros2_ws/install/more_interfaces
[0.143s] -- The C compiler identification is GNU 11.4.0
[0.202s] -- The CXX compiler identification is GNU 11.4.0
[0.218s] -- Detecting C compiler ABI info
[0.336s] -- Detecting C compiler ABI info - done
[0.343s] -- Check for working C compiler: /usr/bin/cc - skipped
[0.343s] -- Detecting C compile features
[0.343s] -- Detecting C compile features - done
[0.346s] -- Detecting CXX compiler ABI info
[0.446s] -- Detecting CXX compiler ABI info - done
[0.452s] -- Check for working CXX compiler: /usr/bin/c++ - skipped
[0.453s] -- Detecting CXX compile features
[0.453s] -- Detecting CXX compile features - done
[0.456s] -- Found ament_cmake: 2.0.4 (/opt/ros/iron/share/ament_cmake/cmake)
[0.628s] -- Found Python3: /usr/bin/python3.10 (found version "3.10.12") found components: Interpreter 
[0.705s] -- Found rosidl_default_generators: 1.5.0 (/opt/ros/iron/share/rosidl_default_generators/cmake)
[0.710s] -- Using all available rosidl_typesupport_c: rosidl_typesupport_fastrtps_c;rosidl_typesupport_introspection_c
[0.757s] -- Using all available rosidl_typesupport_cpp: rosidl_typesupport_fastrtps_cpp;rosidl_typesupport_introspection_cpp
[0.799s] -- Found rosidl_adapter: 4.0.1 (/opt/ros/iron/share/rosidl_adapter/cmake)
[0.810s] -- Found rclcpp: 21.0.5 (/opt/ros/iron/share/rclcpp/cmake)
[1.125s] -- Found rmw_implementation_cmake: 7.1.0 (/opt/ros/iron/share/rmw_implementation_cmake/cmake)
[1.148s] -- Found rmw_fastrtps_cpp: 7.1.3 (/opt/ros/iron/share/rmw_fastrtps_cpp/cmake)
[1.419s] -- Found OpenSSL: /usr/lib/x86_64-linux-gnu/libcrypto.so (found version "3.0.2")  
[1.462s] -- Found FastRTPS: /opt/ros/iron/include  
[1.519s] -- Using RMW implementation 'rmw_fastrtps_cpp' as default
[2.143s] -- Found ament_cmake_ros: 0.11.2 (/opt/ros/iron/share/ament_cmake_ros/cmake)
[2.357s] -- Using all available rosidl_typesupport_c: rosidl_typesupport_fastrtps_c;rosidl_typesupport_introspection_c
[2.608s] -- Using all available rosidl_typesupport_cpp: rosidl_typesupport_fastrtps_cpp;rosidl_typesupport_introspection_cpp
[2.648s] -- Found PythonInterp: /usr/bin/python3 (found suitable version "3.10.12", minimum required is "3.6") 
[2.655s] -- Found python_cmake_module: 0.10.2 (/opt/ros/iron/share/python_cmake_module/cmake)
[2.703s] -- Found PythonLibs: /usr/lib/x86_64-linux-gnu/libpython3.10.so (found suitable version "3.10.12", minimum required is "3.5") 
[2.703s] -- Using PYTHON_EXECUTABLE: /usr/bin/python3
[2.703s] -- Using PYTHON_INCLUDE_DIRS: /usr/include/python3.10
[2.703s] -- Using PYTHON_LIBRARIES: /usr/lib/x86_64-linux-gnu/libpython3.10.so
[2.722s] -- Found PythonExtra: .so  
[2.767s] -- Found ament_lint_auto: 0.14.3 (/opt/ros/iron/share/ament_lint_auto/cmake)
[2.842s] -- Added test 'cppcheck' to perform static code analysis on C / C++ code
[2.843s] -- Configured cppcheck include dirs: 
[2.843s] -- Configured cppcheck exclude dirs and/or files: 
[2.845s] -- Added test 'flake8' to check Python code syntax and style conventions
[2.845s] -- Configured 'flake8' exclude dirs and/or files: 
[2.848s] -- Added test 'lint_cmake' to check CMake code style
[2.850s] -- Added test 'pep257' to check Python code against some of the docstring style conventions in PEP 257
[2.856s] -- Added test 'uncrustify' to check C / C++ code style
[2.856s] -- Configured uncrustify additional arguments: 
[2.858s] -- Added test 'xmllint' to check XML markup files
[2.864s] -- Configuring done
[2.937s] -- Generating done
[2.945s] -- Build files have been written to: /ros2_ws/build/more_interfaces
[2.967s] Invoked command in '/ros2_ws/build/more_interfaces' returned '0': CMAKE_PREFIX_PATH=/opt/ros/iron /usr/bin/cmake /ros2_ws/src/more_interfaces -DCMAKE_INSTALL_PREFIX=/ros2_ws/install/more_interfaces
[2.973s] Invoking command in '/ros2_ws/build/more_interfaces': CMAKE_PREFIX_PATH=/opt/ros/iron /usr/bin/cmake --build /ros2_ws/build/more_interfaces -- -j4 -l4
[3.049s] [  2%] [34m[1mGenerating type hashes for ROS interfaces[0m
[3.060s] [  2%] Built target ament_cmake_python_copy_more_interfaces
[3.338s] [  2%] Built target more_interfaces__rosidl_generator_type_description
[3.359s] [  5%] [34m[1mGenerating C code for ROS interfaces[0m
[3.371s] [  8%] [34m[1mGenerating C++ code for ROS interfaces[0m
[3.390s] running egg_info
[3.390s] creating more_interfaces.egg-info
[3.390s] writing more_interfaces.egg-info/PKG-INFO
[3.390s] writing dependency_links to more_interfaces.egg-info/dependency_links.txt
[3.391s] writing top-level names to more_interfaces.egg-info/top_level.txt
[3.392s] writing manifest file 'more_interfaces.egg-info/SOURCES.txt'
[3.420s] reading manifest file 'more_interfaces.egg-info/SOURCES.txt'
[3.420s] writing manifest file 'more_interfaces.egg-info/SOURCES.txt'
[3.437s] [  8%] Built target ament_cmake_python_build_more_interfaces_egg
[3.716s] [ 13%] [32mBuilding C object CMakeFiles/more_interfaces__rosidl_generator_c.dir/rosidl_generator_c/more_interfaces/msg/detail/address_book__functions.c.o[0m
[3.717s] [ 16%] [32mBuilding C object CMakeFiles/more_interfaces__rosidl_generator_c.dir/rosidl_generator_c/more_interfaces/msg/detail/address_book__type_support.c.o[0m
[3.717s] [ 13%] [32mBuilding C object CMakeFiles/more_interfaces__rosidl_generator_c.dir/rosidl_generator_c/more_interfaces/msg/detail/address_book__description.c.o[0m
[3.809s] [ 16%] Built target more_interfaces__cpp
[3.887s] [ 19%] [32m[1mLinking C shared library libmore_interfaces__rosidl_generator_c.so[0m
[3.956s] [ 19%] Built target more_interfaces__rosidl_generator_c
[3.977s] [ 22%] [34m[1mGenerating C introspection for ROS interfaces[0m
[3.978s] [ 25%] [34m[1mGenerating C type support dispatch for ROS interfaces[0m
[3.979s] [ 27%] [34m[1mGenerating C++ type support dispatch for ROS interfaces[0m
[3.999s] [ 30%] [34m[1mGenerating C type support for eProsima Fast-RTPS[0m
[4.362s] [ 33%] [32mBuilding CXX object CMakeFiles/more_interfaces__rosidl_typesupport_c.dir/rosidl_typesupport_c/more_interfaces/msg/address_book__type_support.cpp.o[0m
[4.367s] [ 36%] [32mBuilding CXX object CMakeFiles/more_interfaces__rosidl_typesupport_fastrtps_c.dir/rosidl_typesupport_fastrtps_c/more_interfaces/msg/detail/address_book__type_support_c.cpp.o[0m
[4.370s] [ 38%] [32mBuilding CXX object CMakeFiles/more_interfaces__rosidl_typesupport_cpp.dir/rosidl_typesupport_cpp/more_interfaces/msg/address_book__type_support.cpp.o[0m
[4.395s] [ 41%] [32mBuilding C object CMakeFiles/more_interfaces__rosidl_typesupport_introspection_c.dir/rosidl_typesupport_introspection_c/more_interfaces/msg/detail/address_book__type_support.c.o[0m
[4.492s] [ 44%] [32m[1mLinking C shared library libmore_interfaces__rosidl_typesupport_introspection_c.so[0m
[4.515s] [ 47%] [32m[1mLinking CXX shared library libmore_interfaces__rosidl_typesupport_c.so[0m
[4.580s] [ 47%] Built target more_interfaces__rosidl_typesupport_introspection_c
[4.601s] [ 50%] [34m[1mGenerating C++ type support for eProsima Fast-RTPS[0m
[4.609s] [ 50%] Built target more_interfaces__rosidl_typesupport_c
[4.628s] [ 52%] [34m[1mGenerating C++ introspection for ROS interfaces[0m
[5.075s] [ 55%] [32mBuilding CXX object CMakeFiles/more_interfaces__rosidl_typesupport_introspection_cpp.dir/rosidl_typesupport_introspection_cpp/more_interfaces/msg/detail/address_book__type_support.cpp.o[0m
[5.100s] [ 58%] [32mBuilding CXX object CMakeFiles/more_interfaces__rosidl_typesupport_fastrtps_cpp.dir/rosidl_typesupport_fastrtps_cpp/more_interfaces/msg/detail/dds_fastrtps/address_book__type_support.cpp.o[0m
[5.407s] [ 61%] [32m[1mLinking CXX shared library libmore_interfaces__rosidl_typesupport_fastrtps_c.so[0m
[5.408s] [ 63%] [32m[1mLinking CXX shared library libmore_interfaces__rosidl_typesupport_cpp.so[0m
[5.565s] [ 63%] Built target more_interfaces__rosidl_typesupport_cpp
[5.633s] [ 66%] [32mBuilding CXX object CMakeFiles/publish_address_book.dir/src/publish_address_book.cpp.o[0m
[5.635s] [ 66%] Built target more_interfaces__rosidl_typesupport_fastrtps_c
[5.866s] [ 69%] [32m[1mLinking CXX shared library libmore_interfaces__rosidl_typesupport_introspection_cpp.so[0m
[6.039s] [ 72%] [32m[1mLinking CXX shared library libmore_interfaces__rosidl_typesupport_fastrtps_cpp.so[0m
[6.091s] [ 72%] Built target more_interfaces__rosidl_typesupport_introspection_cpp
[6.156s] [ 72%] Built target more_interfaces__rosidl_typesupport_fastrtps_cpp
[6.194s] [ 72%] Built target more_interfaces
[6.229s] [ 75%] [34m[1mGenerating Python code for ROS interfaces[0m
[6.619s] [ 75%] Built target more_interfaces__py
[6.647s] [ 77%] [32mBuilding C object CMakeFiles/more_interfaces__rosidl_generator_py.dir/rosidl_generator_py/more_interfaces/msg/_address_book_s.c.o[0m
[6.901s] [ 80%] [32m[1mLinking C shared library rosidl_generator_py/more_interfaces/libmore_interfaces__rosidl_generator_py.so[0m
[7.008s] [ 80%] Built target more_interfaces__rosidl_generator_py
[7.064s] [ 83%] [32mBuilding C object CMakeFiles/more_interfaces__rosidl_typesupport_fastrtps_c__pyext.dir/rosidl_generator_py/more_interfaces/_more_interfaces_s.ep.rosidl_typesupport_fastrtps_c.c.o[0m
[7.069s] [ 86%] [32mBuilding C object CMakeFiles/more_interfaces__rosidl_typesupport_introspection_c__pyext.dir/rosidl_generator_py/more_interfaces/_more_interfaces_s.ep.rosidl_typesupport_introspection_c.c.o[0m
[7.070s] [ 88%] [32mBuilding C object CMakeFiles/more_interfaces__rosidl_typesupport_c__pyext.dir/rosidl_generator_py/more_interfaces/_more_interfaces_s.ep.rosidl_typesupport_c.c.o[0m
[7.215s] [ 91%] [32m[1mLinking C shared library rosidl_generator_py/more_interfaces/more_interfaces_s__rosidl_typesupport_fastrtps_c.cpython-310-x86_64-linux-gnu.so[0m
[7.259s] [ 94%] [32m[1mLinking C shared library rosidl_generator_py/more_interfaces/more_interfaces_s__rosidl_typesupport_c.cpython-310-x86_64-linux-gnu.so[0m
[7.262s] [ 97%] [32m[1mLinking C shared library rosidl_generator_py/more_interfaces/more_interfaces_s__rosidl_typesupport_introspection_c.cpython-310-x86_64-linux-gnu.so[0m
[7.278s] [ 97%] Built target more_interfaces__rosidl_typesupport_fastrtps_c__pyext
[7.332s] [ 97%] Built target more_interfaces__rosidl_typesupport_introspection_c__pyext
[7.349s] [ 97%] Built target more_interfaces__rosidl_typesupport_c__pyext
[13.185s] [100%] [32m[1mLinking CXX executable publish_address_book[0m
[13.491s] [100%] Built target publish_address_book
[13.519s] Invoked command in '/ros2_ws/build/more_interfaces' returned '0': CMAKE_PREFIX_PATH=/opt/ros/iron /usr/bin/cmake --build /ros2_ws/build/more_interfaces -- -j4 -l4
[13.703s] Invoking command in '/ros2_ws/build/more_interfaces': CMAKE_PREFIX_PATH=/opt/ros/iron /usr/bin/cmake --install /ros2_ws/build/more_interfaces
[13.718s] -- Install configuration: ""
[13.725s] -- Installing: /ros2_ws/install/more_interfaces/lib/more_interfaces/publish_address_book
[13.725s] -- Set runtime path of "/ros2_ws/install/more_interfaces/lib/more_interfaces/publish_address_book" to ""
[13.725s] -- Installing: /ros2_ws/install/more_interfaces/share/ament_index/resource_index/rosidl_interfaces/more_interfaces
[13.725s] -- Installing: /ros2_ws/install/more_interfaces/share/more_interfaces/msg/AddressBook.json
[13.725s] -- Installing: /ros2_ws/install/more_interfaces/include/more_interfaces/more_interfaces
[13.725s] -- Installing: /ros2_ws/install/more_interfaces/include/more_interfaces/more_interfaces/msg
[13.725s] -- Installing: /ros2_ws/install/more_interfaces/include/more_interfaces/more_interfaces/msg/detail
[13.725s] -- Installing: /ros2_ws/install/more_interfaces/include/more_interfaces/more_interfaces/msg/detail/address_book__description.c
[13.725s] -- Installing: /ros2_ws/install/more_interfaces/include/more_interfaces/more_interfaces/msg/detail/address_book__struct.h
[13.725s] -- Installing: /ros2_ws/install/more_interfaces/include/more_interfaces/more_interfaces/msg/detail/address_book__functions.c
[13.725s] -- Installing: /ros2_ws/install/more_interfaces/include/more_interfaces/more_interfaces/msg/detail/address_book__functions.h
[13.725s] -- Installing: /ros2_ws/install/more_interfaces/include/more_interfaces/more_interfaces/msg/detail/address_book__type_support.h
[13.726s] -- Installing: /ros2_ws/install/more_interfaces/include/more_interfaces/more_interfaces/msg/detail/address_book__type_support.c
[13.726s] -- Installing: /ros2_ws/install/more_interfaces/include/more_interfaces/more_interfaces/msg/rosidl_generator_c__visibility_control.h
[13.726s] -- Installing: /ros2_ws/install/more_interfaces/include/more_interfaces/more_interfaces/msg/address_book.h
[13.726s] -- Installing: /ros2_ws/install/more_interfaces/share/more_interfaces/environment/library_path.sh
[13.726s] -- Installing: /ros2_ws/install/more_interfaces/share/more_interfaces/environment/library_path.dsv
[13.726s] -- Installing: /ros2_ws/install/more_interfaces/lib/libmore_interfaces__rosidl_generator_c.so
[13.727s] -- Set runtime path of "/ros2_ws/install/more_interfaces/lib/libmore_interfaces__rosidl_generator_c.so" to ""
[13.727s] -- Up-to-date: /ros2_ws/install/more_interfaces/include/more_interfaces/more_interfaces
[13.727s] -- Up-to-date: /ros2_ws/install/more_interfaces/include/more_interfaces/more_interfaces/msg
[13.727s] -- Installing: /ros2_ws/install/more_interfaces/include/more_interfaces/more_interfaces/msg/rosidl_typesupport_fastrtps_c__visibility_control.h
[13.727s] -- Up-to-date: /ros2_ws/install/more_interfaces/include/more_interfaces/more_interfaces/msg/detail
[13.727s] -- Installing: /ros2_ws/install/more_interfaces/include/more_interfaces/more_interfaces/msg/detail/address_book__rosidl_typesupport_fastrtps_c.h
[13.727s] -- Installing: /ros2_ws/install/more_interfaces/lib/libmore_interfaces__rosidl_typesupport_fastrtps_c.so
[13.727s] -- Set runtime path of "/ros2_ws/install/more_interfaces/lib/libmore_interfaces__rosidl_typesupport_fastrtps_c.so" to ""
[13.728s] -- Up-to-date: /ros2_ws/install/more_interfaces/include/more_interfaces/more_interfaces
[13.728s] -- Up-to-date: /ros2_ws/install/more_interfaces/include/more_interfaces/more_interfaces/msg
[13.728s] -- Installing: /ros2_ws/install/more_interfaces/include/more_interfaces/more_interfaces/msg/rosidl_typesupport_introspection_c__visibility_control.h
[13.728s] -- Up-to-date: /ros2_ws/install/more_interfaces/include/more_interfaces/more_interfaces/msg/detail
[13.728s] -- Installing: /ros2_ws/install/more_interfaces/include/more_interfaces/more_interfaces/msg/detail/address_book__rosidl_typesupport_introspection_c.h
[13.728s] -- Up-to-date: /ros2_ws/install/more_interfaces/include/more_interfaces/more_interfaces/msg/detail/address_book__type_support.c
[13.728s] -- Installing: /ros2_ws/install/more_interfaces/lib/libmore_interfaces__rosidl_typesupport_introspection_c.so
[13.729s] -- Set runtime path of "/ros2_ws/install/more_interfaces/lib/libmore_interfaces__rosidl_typesupport_introspection_c.so" to ""
[13.729s] -- Installing: /ros2_ws/install/more_interfaces/lib/libmore_interfaces__rosidl_typesupport_c.so
[13.730s] -- Set runtime path of "/ros2_ws/install/more_interfaces/lib/libmore_interfaces__rosidl_typesupport_c.so" to ""
[13.730s] -- Up-to-date: /ros2_ws/install/more_interfaces/include/more_interfaces/more_interfaces
[13.730s] -- Up-to-date: /ros2_ws/install/more_interfaces/include/more_interfaces/more_interfaces/msg
[13.730s] -- Up-to-date: /ros2_ws/install/more_interfaces/include/more_interfaces/more_interfaces/msg/detail
[13.730s] -- Installing: /ros2_ws/install/more_interfaces/include/more_interfaces/more_interfaces/msg/detail/address_book__builder.hpp
[13.731s] -- Installing: /ros2_ws/install/more_interfaces/include/more_interfaces/more_interfaces/msg/detail/address_book__traits.hpp
[13.731s] -- Installing: /ros2_ws/install/more_interfaces/include/more_interfaces/more_interfaces/msg/detail/address_book__struct.hpp
[13.731s] -- Installing: /ros2_ws/install/more_interfaces/include/more_interfaces/more_interfaces/msg/address_book.hpp
[13.731s] -- Up-to-date: /ros2_ws/install/more_interfaces/include/more_interfaces/more_interfaces
[13.731s] -- Up-to-date: /ros2_ws/install/more_interfaces/include/more_interfaces/more_interfaces/msg
[13.731s] -- Up-to-date: /ros2_ws/install/more_interfaces/include/more_interfaces/more_interfaces/msg/detail
[13.731s] -- Installing: /ros2_ws/install/more_interfaces/include/more_interfaces/more_interfaces/msg/detail/dds_fastrtps
[13.731s] -- Installing: /ros2_ws/install/more_interfaces/include/more_interfaces/more_interfaces/msg/detail/address_book__rosidl_typesupport_fastrtps_cpp.hpp
[13.731s] -- Installing: /ros2_ws/install/more_interfaces/include/more_interfaces/more_interfaces/msg/rosidl_typesupport_fastrtps_cpp__visibility_control.h
[13.732s] -- Installing: /ros2_ws/install/more_interfaces/lib/libmore_interfaces__rosidl_typesupport_fastrtps_cpp.so
[13.732s] -- Set runtime path of "/ros2_ws/install/more_interfaces/lib/libmore_interfaces__rosidl_typesupport_fastrtps_cpp.so" to ""
[13.732s] -- Up-to-date: /ros2_ws/install/more_interfaces/include/more_interfaces/more_interfaces
[13.732s] -- Up-to-date: /ros2_ws/install/more_interfaces/include/more_interfaces/more_interfaces/msg
[13.732s] -- Up-to-date: /ros2_ws/install/more_interfaces/include/more_interfaces/more_interfaces/msg/detail
[13.732s] -- Installing: /ros2_ws/install/more_interfaces/include/more_interfaces/more_interfaces/msg/detail/address_book__rosidl_typesupport_introspection_cpp.hpp
[13.732s] -- Installing: /ros2_ws/install/more_interfaces/include/more_interfaces/more_interfaces/msg/detail/address_book__type_support.cpp
[13.732s] -- Installing: /ros2_ws/install/more_interfaces/lib/libmore_interfaces__rosidl_typesupport_introspection_cpp.so
[13.733s] -- Set runtime path of "/ros2_ws/install/more_interfaces/lib/libmore_interfaces__rosidl_typesupport_introspection_cpp.so" to ""
[13.733s] -- Installing: /ros2_ws/install/more_interfaces/lib/libmore_interfaces__rosidl_typesupport_cpp.so
[13.734s] -- Set runtime path of "/ros2_ws/install/more_interfaces/lib/libmore_interfaces__rosidl_typesupport_cpp.so" to ""
[13.734s] -- Installing: /ros2_ws/install/more_interfaces/share/more_interfaces/environment/pythonpath.sh
[13.734s] -- Installing: /ros2_ws/install/more_interfaces/share/more_interfaces/environment/pythonpath.dsv
[13.734s] -- Installing: /ros2_ws/install/more_interfaces/lib/python3.10/site-packages/more_interfaces-0.0.0-py3.10.egg-info
[13.734s] -- Installing: /ros2_ws/install/more_interfaces/lib/python3.10/site-packages/more_interfaces-0.0.0-py3.10.egg-info/PKG-INFO
[13.735s] -- Installing: /ros2_ws/install/more_interfaces/lib/python3.10/site-packages/more_interfaces-0.0.0-py3.10.egg-info/SOURCES.txt
[13.735s] -- Installing: /ros2_ws/install/more_interfaces/lib/python3.10/site-packages/more_interfaces-0.0.0-py3.10.egg-info/dependency_links.txt
[13.735s] -- Installing: /ros2_ws/install/more_interfaces/lib/python3.10/site-packages/more_interfaces-0.0.0-py3.10.egg-info/top_level.txt
[13.735s] -- Installing: /ros2_ws/install/more_interfaces/lib/python3.10/site-packages/more_interfaces
[13.735s] -- Installing: /ros2_ws/install/more_interfaces/lib/python3.10/site-packages/more_interfaces/_more_interfaces_s.ep.rosidl_typesupport_c.c
[13.736s] -- Installing: /ros2_ws/install/more_interfaces/lib/python3.10/site-packages/more_interfaces/more_interfaces_s__rosidl_typesupport_fastrtps_c.cpython-310-x86_64-linux-gnu.so
[13.736s] -- Installing: /ros2_ws/install/more_interfaces/lib/python3.10/site-packages/more_interfaces/_more_interfaces_s.ep.rosidl_typesupport_fastrtps_c.c
[13.736s] -- Installing: /ros2_ws/install/more_interfaces/lib/python3.10/site-packages/more_interfaces/more_interfaces_s__rosidl_typesupport_introspection_c.cpython-310-x86_64-linux-gnu.so
[13.737s] -- Installing: /ros2_ws/install/more_interfaces/lib/python3.10/site-packages/more_interfaces/libmore_interfaces__rosidl_generator_py.so
[13.739s] -- Installing: /ros2_ws/install/more_interfaces/lib/python3.10/site-packages/more_interfaces/_more_interfaces_s.ep.rosidl_typesupport_introspection_c.c
[13.739s] -- Installing: /ros2_ws/install/more_interfaces/lib/python3.10/site-packages/more_interfaces/more_interfaces_s__rosidl_typesupport_c.cpython-310-x86_64-linux-gnu.so
[13.739s] -- Installing: /ros2_ws/install/more_interfaces/lib/python3.10/site-packages/more_interfaces/msg
[13.739s] -- Installing: /ros2_ws/install/more_interfaces/lib/python3.10/site-packages/more_interfaces/msg/_address_book_s.c
[13.739s] -- Installing: /ros2_ws/install/more_interfaces/lib/python3.10/site-packages/more_interfaces/msg/_address_book.py
[13.739s] -- Installing: /ros2_ws/install/more_interfaces/lib/python3.10/site-packages/more_interfaces/msg/__init__.py
[13.739s] -- Installing: /ros2_ws/install/more_interfaces/lib/python3.10/site-packages/more_interfaces/__init__.py
[13.772s] Listing '/ros2_ws/install/more_interfaces/lib/python3.10/site-packages/more_interfaces'...
[13.772s] Compiling '/ros2_ws/install/more_interfaces/lib/python3.10/site-packages/more_interfaces/__init__.py'...
[13.772s] Listing '/ros2_ws/install/more_interfaces/lib/python3.10/site-packages/more_interfaces/msg'...
[13.772s] Compiling '/ros2_ws/install/more_interfaces/lib/python3.10/site-packages/more_interfaces/msg/__init__.py'...
[13.772s] Compiling '/ros2_ws/install/more_interfaces/lib/python3.10/site-packages/more_interfaces/msg/_address_book.py'...
[13.780s] -- Installing: /ros2_ws/install/more_interfaces/lib/python3.10/site-packages/more_interfaces/more_interfaces_s__rosidl_typesupport_fastrtps_c.cpython-310-x86_64-linux-gnu.so
[13.780s] -- Set runtime path of "/ros2_ws/install/more_interfaces/lib/python3.10/site-packages/more_interfaces/more_interfaces_s__rosidl_typesupport_fastrtps_c.cpython-310-x86_64-linux-gnu.so" to ""
[13.780s] -- Installing: /ros2_ws/install/more_interfaces/lib/python3.10/site-packages/more_interfaces/more_interfaces_s__rosidl_typesupport_introspection_c.cpython-310-x86_64-linux-gnu.so
[13.780s] -- Set runtime path of "/ros2_ws/install/more_interfaces/lib/python3.10/site-packages/more_interfaces/more_interfaces_s__rosidl_typesupport_introspection_c.cpython-310-x86_64-linux-gnu.so" to ""
[13.780s] -- Installing: /ros2_ws/install/more_interfaces/lib/python3.10/site-packages/more_interfaces/more_interfaces_s__rosidl_typesupport_c.cpython-310-x86_64-linux-gnu.so
[13.780s] -- Set runtime path of "/ros2_ws/install/more_interfaces/lib/python3.10/site-packages/more_interfaces/more_interfaces_s__rosidl_typesupport_c.cpython-310-x86_64-linux-gnu.so" to ""
[13.780s] -- Installing: /ros2_ws/install/more_interfaces/lib/libmore_interfaces__rosidl_generator_py.so
[13.780s] -- Set runtime path of "/ros2_ws/install/more_interfaces/lib/libmore_interfaces__rosidl_generator_py.so" to ""
[13.780s] -- Installing: /ros2_ws/install/more_interfaces/share/more_interfaces/msg/AddressBook.idl
[13.780s] -- Installing: /ros2_ws/install/more_interfaces/share/more_interfaces/msg/AddressBook.msg
[13.780s] -- Installing: /ros2_ws/install/more_interfaces/share/ament_index/resource_index/package_run_dependencies/more_interfaces
[13.780s] -- Installing: /ros2_ws/install/more_interfaces/share/ament_index/resource_index/parent_prefix_path/more_interfaces
[13.780s] -- Installing: /ros2_ws/install/more_interfaces/share/more_interfaces/environment/ament_prefix_path.sh
[13.780s] -- Installing: /ros2_ws/install/more_interfaces/share/more_interfaces/environment/ament_prefix_path.dsv
[13.781s] -- Installing: /ros2_ws/install/more_interfaces/share/more_interfaces/environment/path.sh
[13.781s] -- Installing: /ros2_ws/install/more_interfaces/share/more_interfaces/environment/path.dsv
[13.781s] -- Installing: /ros2_ws/install/more_interfaces/share/more_interfaces/local_setup.bash
[13.781s] -- Installing: /ros2_ws/install/more_interfaces/share/more_interfaces/local_setup.sh
[13.781s] -- Installing: /ros2_ws/install/more_interfaces/share/more_interfaces/local_setup.zsh
[13.782s] -- Installing: /ros2_ws/install/more_interfaces/share/more_interfaces/local_setup.dsv
[13.782s] -- Installing: /ros2_ws/install/more_interfaces/share/more_interfaces/package.dsv
[13.792s] -- Installing: /ros2_ws/install/more_interfaces/share/ament_index/resource_index/packages/more_interfaces
[13.792s] -- Installing: /ros2_ws/install/more_interfaces/share/more_interfaces/cmake/export_more_interfaces__rosidl_generator_cExport.cmake
[13.792s] -- Installing: /ros2_ws/install/more_interfaces/share/more_interfaces/cmake/export_more_interfaces__rosidl_generator_cExport-noconfig.cmake
[13.792s] -- Installing: /ros2_ws/install/more_interfaces/share/more_interfaces/cmake/export_more_interfaces__rosidl_typesupport_fastrtps_cExport.cmake
[13.792s] -- Installing: /ros2_ws/install/more_interfaces/share/more_interfaces/cmake/export_more_interfaces__rosidl_typesupport_fastrtps_cExport-noconfig.cmake
[13.793s] -- Installing: /ros2_ws/install/more_interfaces/share/more_interfaces/cmake/more_interfaces__rosidl_typesupport_introspection_cExport.cmake
[13.793s] -- Installing: /ros2_ws/install/more_interfaces/share/more_interfaces/cmake/more_interfaces__rosidl_typesupport_introspection_cExport-noconfig.cmake
[13.793s] -- Installing: /ros2_ws/install/more_interfaces/share/more_interfaces/cmake/more_interfaces__rosidl_typesupport_cExport.cmake
[13.793s] -- Installing: /ros2_ws/install/more_interfaces/share/more_interfaces/cmake/more_interfaces__rosidl_typesupport_cExport-noconfig.cmake
[13.793s] -- Installing: /ros2_ws/install/more_interfaces/share/more_interfaces/cmake/export_more_interfaces__rosidl_generator_cppExport.cmake
[13.793s] -- Installing: /ros2_ws/install/more_interfaces/share/more_interfaces/cmake/export_more_interfaces__rosidl_typesupport_fastrtps_cppExport.cmake
[13.793s] -- Installing: /ros2_ws/install/more_interfaces/share/more_interfaces/cmake/export_more_interfaces__rosidl_typesupport_fastrtps_cppExport-noconfig.cmake
[13.793s] -- Installing: /ros2_ws/install/more_interfaces/share/more_interfaces/cmake/more_interfaces__rosidl_typesupport_introspection_cppExport.cmake
[13.794s] -- Installing: /ros2_ws/install/more_interfaces/share/more_interfaces/cmake/more_interfaces__rosidl_typesupport_introspection_cppExport-noconfig.cmake
[13.794s] -- Installing: /ros2_ws/install/more_interfaces/share/more_interfaces/cmake/more_interfaces__rosidl_typesupport_cppExport.cmake
[13.794s] -- Installing: /ros2_ws/install/more_interfaces/share/more_interfaces/cmake/more_interfaces__rosidl_typesupport_cppExport-noconfig.cmake
[13.794s] -- Installing: /ros2_ws/install/more_interfaces/share/more_interfaces/cmake/export_more_interfaces__rosidl_generator_pyExport.cmake
[13.794s] -- Installing: /ros2_ws/install/more_interfaces/share/more_interfaces/cmake/export_more_interfaces__rosidl_generator_pyExport-noconfig.cmake
[13.794s] -- Installing: /ros2_ws/install/more_interfaces/share/more_interfaces/cmake/rosidl_cmake-extras.cmake
[13.794s] -- Installing: /ros2_ws/install/more_interfaces/share/more_interfaces/cmake/ament_cmake_export_include_directories-extras.cmake
[13.794s] -- Installing: /ros2_ws/install/more_interfaces/share/more_interfaces/cmake/ament_cmake_export_libraries-extras.cmake
[13.794s] -- Installing: /ros2_ws/install/more_interfaces/share/more_interfaces/cmake/ament_cmake_export_targets-extras.cmake
[13.795s] -- Installing: /ros2_ws/install/more_interfaces/share/more_interfaces/cmake/rosidl_cmake_export_typesupport_targets-extras.cmake
[13.795s] -- Installing: /ros2_ws/install/more_interfaces/share/more_interfaces/cmake/ament_cmake_export_dependencies-extras.cmake
[13.795s] -- Installing: /ros2_ws/install/more_interfaces/share/more_interfaces/cmake/rosidl_cmake_export_typesupport_libraries-extras.cmake
[13.795s] -- Installing: /ros2_ws/install/more_interfaces/share/more_interfaces/cmake/more_interfacesConfig.cmake
[13.795s] -- Installing: /ros2_ws/install/more_interfaces/share/more_interfaces/cmake/more_interfacesConfig-version.cmake
[13.795s] -- Installing: /ros2_ws/install/more_interfaces/share/more_interfaces/package.xml
[13.795s] Invoked command in '/ros2_ws/build/more_interfaces' returned '0': CMAKE_PREFIX_PATH=/opt/ros/iron /usr/bin/cmake --install /ros2_ws/build/more_interfaces
