[0.110s] Invoking command in '/hw_ws/build/raceteam_hw': CMAKE_PREFIX_PATH=${CMAKE_PREFIX_PATH}:/opt/ros/iron /usr/bin/cmake --build /hw_ws/build/raceteam_hw -- -j4 -l4
[0.297s] [35m[1mConsolidate compiler generated dependencies of target stroke_to_pwm_node[0m
[0.359s] [ 16%] [32mBuilding CXX object CMakeFiles/stroke_to_pwm_node.dir/src/stroke_to_pwm_node.cpp.o[0m
[0.361s] [ 50%] Built target talker
[0.364s] [ 83%] Built target motor_node
[12.116s] [100%] [32m[1mLinking CXX executable stroke_to_pwm_node[0m
[12.648s] [100%] Built target stroke_to_pwm_node
[12.670s] Invoked command in '/hw_ws/build/raceteam_hw' returned '0': CMAKE_PREFIX_PATH=${CMAKE_PREFIX_PATH}:/opt/ros/iron /usr/bin/cmake --build /hw_ws/build/raceteam_hw -- -j4 -l4
[12.824s] Invoking command in '/hw_ws/build/raceteam_hw': CMAKE_PREFIX_PATH=${CMAKE_PREFIX_PATH}:/opt/ros/iron /usr/bin/cmake --install /hw_ws/build/raceteam_hw
[12.870s] -- Install configuration: ""
[12.870s] -- Up-to-date: /hw_ws/install/raceteam_hw/lib/raceteam_hw/motor_node
[12.870s] -- Installing: /hw_ws/install/raceteam_hw/lib/raceteam_hw/stroke_to_pwm_node
[12.872s] -- Set runtime path of "/hw_ws/install/raceteam_hw/lib/raceteam_hw/stroke_to_pwm_node" to ""
[12.872s] -- Up-to-date: /hw_ws/install/raceteam_hw/lib/raceteam_hw/talker
[12.872s] -- Up-to-date: /hw_ws/install/raceteam_hw/share/ament_index/resource_index/package_run_dependencies/raceteam_hw
[12.872s] -- Up-to-date: /hw_ws/install/raceteam_hw/share/ament_index/resource_index/parent_prefix_path/raceteam_hw
[12.872s] -- Up-to-date: /hw_ws/install/raceteam_hw/share/raceteam_hw/environment/ament_prefix_path.sh
[12.872s] -- Up-to-date: /hw_ws/install/raceteam_hw/share/raceteam_hw/environment/ament_prefix_path.dsv
[12.872s] -- Up-to-date: /hw_ws/install/raceteam_hw/share/raceteam_hw/environment/path.sh
[12.872s] -- Up-to-date: /hw_ws/install/raceteam_hw/share/raceteam_hw/environment/path.dsv
[12.872s] -- Up-to-date: /hw_ws/install/raceteam_hw/share/raceteam_hw/local_setup.bash
[12.872s] -- Up-to-date: /hw_ws/install/raceteam_hw/share/raceteam_hw/local_setup.sh
[12.872s] -- Up-to-date: /hw_ws/install/raceteam_hw/share/raceteam_hw/local_setup.zsh
[12.872s] -- Up-to-date: /hw_ws/install/raceteam_hw/share/raceteam_hw/local_setup.dsv
[12.872s] -- Installing: /hw_ws/install/raceteam_hw/share/raceteam_hw/package.dsv
[12.874s] -- Up-to-date: /hw_ws/install/raceteam_hw/share/ament_index/resource_index/packages/raceteam_hw
[12.874s] -- Up-to-date: /hw_ws/install/raceteam_hw/share/raceteam_hw/cmake/raceteam_hwConfig.cmake
[12.874s] -- Up-to-date: /hw_ws/install/raceteam_hw/share/raceteam_hw/cmake/raceteam_hwConfig-version.cmake
[12.874s] -- Up-to-date: /hw_ws/install/raceteam_hw/share/raceteam_hw/package.xml
[12.878s] Invoked command in '/hw_ws/build/raceteam_hw' returned '0': CMAKE_PREFIX_PATH=${CMAKE_PREFIX_PATH}:/opt/ros/iron /usr/bin/cmake --install /hw_ws/build/raceteam_hw
