[0.175s] DEBUG:colcon:Command line arguments: ['/usr/bin/colcon', 'build']
[0.175s] DEBUG:colcon:Parsed command line arguments: Namespace(log_base=None, log_level=None, verb_name='build', build_base='build', install_base='install', merge_install=False, symlink_install=False, test_result_base=None, continue_on_error=False, executor='parallel', parallel_workers=4, event_handlers=None, ignore_user_meta=False, metas=['./colcon.meta'], base_paths=['.'], packages_ignore=None, packages_ignore_regex=None, paths=None, packages_up_to=None, packages_up_to_regex=None, packages_above=None, packages_above_and_dependencies=None, packages_above_depth=None, packages_select_by_dep=None, packages_skip_by_dep=None, packages_skip_up_to=None, packages_select_build_failed=False, packages_skip_build_finished=False, packages_select_test_failures=False, packages_skip_test_passed=False, packages_select=None, packages_skip=None, packages_select_regex=None, packages_skip_regex=None, packages_start=None, packages_end=None, cmake_args=None, cmake_target=None, cmake_target_skip_unavailable=False, cmake_clean_cache=False, cmake_clean_first=False, cmake_force_configure=False, ament_cmake_args=None, catkin_cmake_args=None, catkin_skip_building_tests=False, mixin_files=None, mixin=None, verb_parser=<colcon_mixin.mixin.mixin_argument.MixinArgumentDecorator object at 0x79cf8a0bbc10>, verb_extension=<colcon_core.verb.build.BuildVerb object at 0x79cf8a1f81f0>, main=<bound method BuildVerb.main of <colcon_core.verb.build.BuildVerb object at 0x79cf8a1f81f0>>, mixin_verb=('build',))
[0.325s] Level 1:colcon.colcon_core.package_discovery:discover_packages(colcon_meta) check parameters
[0.325s] INFO:colcon.colcon_metadata.package_discovery.colcon_meta:Using configuration from '/root/.colcon/metadata/default/Gazebo.meta'
[0.326s] INFO:colcon.colcon_metadata.package_discovery.colcon_meta:Using configuration from '/root/.colcon/metadata/default/fastrtps.meta'
[0.326s] Level 1:colcon.colcon_core.package_discovery:discover_packages(recursive) check parameters
[0.326s] Level 1:colcon.colcon_core.package_discovery:discover_packages(ignore) check parameters
[0.326s] Level 1:colcon.colcon_core.package_discovery:discover_packages(path) check parameters
[0.326s] Level 1:colcon.colcon_core.package_discovery:discover_packages(colcon_meta) discover
[0.326s] Level 1:colcon.colcon_core.package_discovery:discover_packages(recursive) discover
[0.326s] INFO:colcon.colcon_core.package_discovery:Crawling recursively for packages in '/hw_ws'
[0.326s] Level 1:colcon.colcon_core.package_identification:_identify(.) by extensions ['ignore', 'ignore_ament_install']
[0.326s] Level 1:colcon.colcon_core.package_identification:_identify(.) by extension 'ignore'
[0.326s] Level 1:colcon.colcon_core.package_identification:_identify(.) by extension 'ignore_ament_install'
[0.326s] Level 1:colcon.colcon_core.package_identification:_identify(.) by extensions ['colcon_pkg']
[0.326s] Level 1:colcon.colcon_core.package_identification:_identify(.) by extension 'colcon_pkg'
[0.326s] Level 1:colcon.colcon_core.package_identification:_identify(.) by extensions ['colcon_meta']
[0.326s] Level 1:colcon.colcon_core.package_identification:_identify(.) by extension 'colcon_meta'
[0.326s] Level 1:colcon.colcon_core.package_identification:_identify(.) by extensions ['ros']
[0.326s] Level 1:colcon.colcon_core.package_identification:_identify(.) by extension 'ros'
[0.344s] Level 1:colcon.colcon_core.package_identification:_identify(.) by extensions ['cmake', 'python']
[0.344s] Level 1:colcon.colcon_core.package_identification:_identify(.) by extension 'cmake'
[0.344s] Level 1:colcon.colcon_core.package_identification:_identify(.) by extension 'python'
[0.344s] Level 1:colcon.colcon_core.package_identification:_identify(.) by extensions ['python_setup_py']
[0.344s] Level 1:colcon.colcon_core.package_identification:_identify(.) by extension 'python_setup_py'
[0.344s] Level 1:colcon.colcon_core.package_identification:_identify(build) by extensions ['ignore', 'ignore_ament_install']
[0.344s] Level 1:colcon.colcon_core.package_identification:_identify(build) by extension 'ignore'
[0.344s] Level 1:colcon.colcon_core.package_identification:_identify(build) ignored
[0.345s] Level 1:colcon.colcon_core.package_identification:_identify(install) by extensions ['ignore', 'ignore_ament_install']
[0.345s] Level 1:colcon.colcon_core.package_identification:_identify(install) by extension 'ignore'
[0.345s] Level 1:colcon.colcon_core.package_identification:_identify(install) ignored
[0.345s] Level 1:colcon.colcon_core.package_identification:_identify(log) by extensions ['ignore', 'ignore_ament_install']
[0.345s] Level 1:colcon.colcon_core.package_identification:_identify(log) by extension 'ignore'
[0.345s] Level 1:colcon.colcon_core.package_identification:_identify(log) ignored
[0.345s] Level 1:colcon.colcon_core.package_identification:_identify(src) by extensions ['ignore', 'ignore_ament_install']
[0.345s] Level 1:colcon.colcon_core.package_identification:_identify(src) by extension 'ignore'
[0.345s] Level 1:colcon.colcon_core.package_identification:_identify(src) by extension 'ignore_ament_install'
[0.345s] Level 1:colcon.colcon_core.package_identification:_identify(src) by extensions ['colcon_pkg']
[0.345s] Level 1:colcon.colcon_core.package_identification:_identify(src) by extension 'colcon_pkg'
[0.345s] Level 1:colcon.colcon_core.package_identification:_identify(src) by extensions ['colcon_meta']
[0.345s] Level 1:colcon.colcon_core.package_identification:_identify(src) by extension 'colcon_meta'
[0.345s] Level 1:colcon.colcon_core.package_identification:_identify(src) by extensions ['ros']
[0.345s] Level 1:colcon.colcon_core.package_identification:_identify(src) by extension 'ros'
[0.345s] Level 1:colcon.colcon_core.package_identification:_identify(src) by extensions ['cmake', 'python']
[0.345s] Level 1:colcon.colcon_core.package_identification:_identify(src) by extension 'cmake'
[0.345s] Level 1:colcon.colcon_core.package_identification:_identify(src) by extension 'python'
[0.345s] Level 1:colcon.colcon_core.package_identification:_identify(src) by extensions ['python_setup_py']
[0.345s] Level 1:colcon.colcon_core.package_identification:_identify(src) by extension 'python_setup_py'
[0.346s] Level 1:colcon.colcon_core.package_identification:_identify(src/build) by extensions ['ignore', 'ignore_ament_install']
[0.346s] Level 1:colcon.colcon_core.package_identification:_identify(src/build) by extension 'ignore'
[0.346s] Level 1:colcon.colcon_core.package_identification:_identify(src/build) ignored
[0.346s] Level 1:colcon.colcon_core.package_identification:_identify(src/cpp_topic) by extensions ['ignore', 'ignore_ament_install']
[0.346s] Level 1:colcon.colcon_core.package_identification:_identify(src/cpp_topic) by extension 'ignore'
[0.346s] Level 1:colcon.colcon_core.package_identification:_identify(src/cpp_topic) by extension 'ignore_ament_install'
[0.346s] Level 1:colcon.colcon_core.package_identification:_identify(src/cpp_topic) by extensions ['colcon_pkg']
[0.346s] Level 1:colcon.colcon_core.package_identification:_identify(src/cpp_topic) by extension 'colcon_pkg'
[0.346s] Level 1:colcon.colcon_core.package_identification:_identify(src/cpp_topic) by extensions ['colcon_meta']
[0.346s] Level 1:colcon.colcon_core.package_identification:_identify(src/cpp_topic) by extension 'colcon_meta'
[0.346s] Level 1:colcon.colcon_core.package_identification:_identify(src/cpp_topic) by extensions ['ros']
[0.346s] Level 1:colcon.colcon_core.package_identification:_identify(src/cpp_topic) by extension 'ros'
[0.349s] DEBUG:colcon.colcon_core.package_identification:Package 'src/cpp_topic' with type 'ros.ament_cmake' and name 'cpp_topic'
[0.349s] Level 1:colcon.colcon_core.package_identification:_identify(src/install) by extensions ['ignore', 'ignore_ament_install']
[0.349s] Level 1:colcon.colcon_core.package_identification:_identify(src/install) by extension 'ignore'
[0.349s] Level 1:colcon.colcon_core.package_identification:_identify(src/install) ignored
[0.350s] Level 1:colcon.colcon_core.package_identification:_identify(src/log) by extensions ['ignore', 'ignore_ament_install']
[0.350s] Level 1:colcon.colcon_core.package_identification:_identify(src/log) by extension 'ignore'
[0.350s] Level 1:colcon.colcon_core.package_identification:_identify(src/log) ignored
[0.350s] Level 1:colcon.colcon_core.package_discovery:discover_packages(recursive) using defaults
[0.350s] Level 1:colcon.colcon_core.package_discovery:discover_packages(ignore) discover
[0.350s] Level 1:colcon.colcon_core.package_discovery:discover_packages(ignore) using defaults
[0.350s] Level 1:colcon.colcon_core.package_discovery:discover_packages(path) discover
[0.350s] Level 1:colcon.colcon_core.package_discovery:discover_packages(path) using defaults
[0.373s] Level 5:colcon.colcon_core.verb:set package 'cpp_topic' build argument 'cmake_args' from command line to 'None'
[0.373s] Level 5:colcon.colcon_core.verb:set package 'cpp_topic' build argument 'cmake_target' from command line to 'None'
[0.373s] Level 5:colcon.colcon_core.verb:set package 'cpp_topic' build argument 'cmake_target_skip_unavailable' from command line to 'False'
[0.373s] Level 5:colcon.colcon_core.verb:set package 'cpp_topic' build argument 'cmake_clean_cache' from command line to 'False'
[0.373s] Level 5:colcon.colcon_core.verb:set package 'cpp_topic' build argument 'cmake_clean_first' from command line to 'False'
[0.373s] Level 5:colcon.colcon_core.verb:set package 'cpp_topic' build argument 'cmake_force_configure' from command line to 'False'
[0.373s] Level 5:colcon.colcon_core.verb:set package 'cpp_topic' build argument 'ament_cmake_args' from command line to 'None'
[0.373s] Level 5:colcon.colcon_core.verb:set package 'cpp_topic' build argument 'catkin_cmake_args' from command line to 'None'
[0.373s] Level 5:colcon.colcon_core.verb:set package 'cpp_topic' build argument 'catkin_skip_building_tests' from command line to 'False'
[0.373s] DEBUG:colcon.colcon_core.verb:Building package 'cpp_topic' with the following arguments: {'ament_cmake_args': None, 'build_base': '/hw_ws/build/cpp_topic', 'catkin_cmake_args': None, 'catkin_skip_building_tests': False, 'cmake_args': None, 'cmake_clean_cache': False, 'cmake_clean_first': False, 'cmake_force_configure': False, 'cmake_target': None, 'cmake_target_skip_unavailable': False, 'install_base': '/hw_ws/install/cpp_topic', 'merge_install': False, 'path': '/hw_ws/src/cpp_topic', 'symlink_install': False, 'test_result_base': None}
[0.373s] INFO:colcon.colcon_core.executor:Executing jobs using 'parallel' executor
[0.375s] DEBUG:colcon.colcon_parallel_executor.executor.parallel:run_until_complete
[0.376s] INFO:colcon.colcon_ros.task.ament_cmake.build:Building ROS package in '/hw_ws/src/cpp_topic' with build type 'ament_cmake'
[0.376s] INFO:colcon.colcon_cmake.task.cmake.build:Building CMake package in '/hw_ws/src/cpp_topic'
[0.381s] INFO:colcon.colcon_core.plugin_system:Skipping extension 'colcon_core.shell.bat': Not used on non-Windows systems
[0.381s] INFO:colcon.colcon_core.shell:Skip shell extension 'powershell' for command environment: Not usable outside of PowerShell
[0.381s] DEBUG:colcon.colcon_core.shell:Skip shell extension 'dsv' for command environment
[0.472s] DEBUG:colcon.colcon_core.event_handler.log_command:Invoking command in '/hw_ws/build/cpp_topic': CMAKE_PREFIX_PATH=/opt/ros/iron /usr/bin/cmake --build /hw_ws/build/cpp_topic -- -j4 -l4
[9.493s] DEBUG:colcon.colcon_core.event_handler.log_command:Invoked command in '/hw_ws/build/cpp_topic' returned '0': CMAKE_PREFIX_PATH=/opt/ros/iron /usr/bin/cmake --build /hw_ws/build/cpp_topic -- -j4 -l4
[9.593s] DEBUG:colcon.colcon_core.event_handler.log_command:Invoking command in '/hw_ws/build/cpp_topic': CMAKE_PREFIX_PATH=/opt/ros/iron /usr/bin/cmake --install /hw_ws/build/cpp_topic
[9.619s] Level 1:colcon.colcon_core.environment:create_environment_scripts_only(cpp_topic)
[9.622s] DEBUG:colcon.colcon_core.event_handler.log_command:Invoked command in '/hw_ws/build/cpp_topic' returned '0': CMAKE_PREFIX_PATH=/opt/ros/iron /usr/bin/cmake --install /hw_ws/build/cpp_topic
[9.646s] Level 1:colcon.colcon_core.environment:checking '/hw_ws/install/cpp_topic' for CMake module files
[9.647s] Level 1:colcon.colcon_core.environment:checking '/hw_ws/install/cpp_topic' for CMake config files
[9.647s] Level 1:colcon.colcon_core.shell:create_environment_hook('cpp_topic', 'cmake_prefix_path')
[9.648s] INFO:colcon.colcon_core.shell:Creating environment hook '/hw_ws/install/cpp_topic/share/cpp_topic/hook/cmake_prefix_path.ps1'
[9.650s] INFO:colcon.colcon_core.shell:Creating environment descriptor '/hw_ws/install/cpp_topic/share/cpp_topic/hook/cmake_prefix_path.dsv'
[9.650s] INFO:colcon.colcon_core.shell:Creating environment hook '/hw_ws/install/cpp_topic/share/cpp_topic/hook/cmake_prefix_path.sh'
[9.651s] Level 1:colcon.colcon_core.environment:checking '/hw_ws/install/cpp_topic/lib'
[9.651s] Level 1:colcon.colcon_core.environment:checking '/hw_ws/install/cpp_topic/bin'
[9.651s] Level 1:colcon.colcon_core.environment:checking '/hw_ws/install/cpp_topic/lib/pkgconfig/cpp_topic.pc'
[9.653s] Level 1:colcon.colcon_core.environment:checking '/hw_ws/install/cpp_topic/lib/python3.10/site-packages'
[9.653s] Level 1:colcon.colcon_core.environment:checking '/hw_ws/install/cpp_topic/bin'
[9.654s] INFO:colcon.colcon_core.shell:Creating package script '/hw_ws/install/cpp_topic/share/cpp_topic/package.ps1'
[9.655s] INFO:colcon.colcon_core.shell:Creating package descriptor '/hw_ws/install/cpp_topic/share/cpp_topic/package.dsv'
[9.657s] INFO:colcon.colcon_core.shell:Creating package script '/hw_ws/install/cpp_topic/share/cpp_topic/package.sh'
[9.657s] INFO:colcon.colcon_core.shell:Creating package script '/hw_ws/install/cpp_topic/share/cpp_topic/package.bash'
[9.658s] INFO:colcon.colcon_core.shell:Creating package script '/hw_ws/install/cpp_topic/share/cpp_topic/package.zsh'
[9.659s] Level 1:colcon.colcon_core.environment:create_file_with_runtime_dependencies(/hw_ws/install/cpp_topic/share/colcon-core/packages/cpp_topic)
[9.708s] Level 1:colcon.colcon_core.environment:create_environment_scripts_only(cpp_topic)
[9.708s] Level 1:colcon.colcon_core.environment:checking '/hw_ws/install/cpp_topic' for CMake module files
[9.708s] Level 1:colcon.colcon_core.environment:checking '/hw_ws/install/cpp_topic' for CMake config files
[9.708s] Level 1:colcon.colcon_core.shell:create_environment_hook('cpp_topic', 'cmake_prefix_path')
[9.709s] INFO:colcon.colcon_core.shell:Creating environment hook '/hw_ws/install/cpp_topic/share/cpp_topic/hook/cmake_prefix_path.ps1'
[9.709s] INFO:colcon.colcon_core.shell:Creating environment descriptor '/hw_ws/install/cpp_topic/share/cpp_topic/hook/cmake_prefix_path.dsv'
[9.710s] INFO:colcon.colcon_core.shell:Creating environment hook '/hw_ws/install/cpp_topic/share/cpp_topic/hook/cmake_prefix_path.sh'
[9.711s] Level 1:colcon.colcon_core.environment:checking '/hw_ws/install/cpp_topic/lib'
[9.713s] Level 1:colcon.colcon_core.environment:checking '/hw_ws/install/cpp_topic/bin'
[9.713s] Level 1:colcon.colcon_core.environment:checking '/hw_ws/install/cpp_topic/lib/pkgconfig/cpp_topic.pc'
[9.714s] Level 1:colcon.colcon_core.environment:checking '/hw_ws/install/cpp_topic/lib/python3.10/site-packages'
[9.715s] Level 1:colcon.colcon_core.environment:checking '/hw_ws/install/cpp_topic/bin'
[9.715s] INFO:colcon.colcon_core.shell:Creating package script '/hw_ws/install/cpp_topic/share/cpp_topic/package.ps1'
[9.716s] INFO:colcon.colcon_core.shell:Creating package descriptor '/hw_ws/install/cpp_topic/share/cpp_topic/package.dsv'
[9.716s] INFO:colcon.colcon_core.shell:Creating package script '/hw_ws/install/cpp_topic/share/cpp_topic/package.sh'
[9.717s] INFO:colcon.colcon_core.shell:Creating package script '/hw_ws/install/cpp_topic/share/cpp_topic/package.bash'
[9.717s] INFO:colcon.colcon_core.shell:Creating package script '/hw_ws/install/cpp_topic/share/cpp_topic/package.zsh'
[9.717s] Level 1:colcon.colcon_core.environment:create_file_with_runtime_dependencies(/hw_ws/install/cpp_topic/share/colcon-core/packages/cpp_topic)
[9.718s] DEBUG:colcon.colcon_parallel_executor.executor.parallel:closing loop
[9.719s] DEBUG:colcon.colcon_parallel_executor.executor.parallel:loop closed
[9.719s] DEBUG:colcon.colcon_parallel_executor.executor.parallel:run_until_complete finished with '0'
[9.719s] DEBUG:colcon.colcon_core.event_reactor:joining thread
[9.735s] INFO:colcon.colcon_core.plugin_system:Skipping extension 'colcon_notification.desktop_notification.notify_send': Could not find 'notify-send'
[9.735s] INFO:colcon.colcon_core.plugin_system:Skipping extension 'colcon_notification.desktop_notification.terminal_notifier': Not used on non-Darwin systems
[9.735s] INFO:colcon.colcon_core.plugin_system:Skipping extension 'colcon_notification.desktop_notification.win32': Not used on non-Windows systems
[9.735s] INFO:colcon.colcon_notification.desktop_notification:Sending desktop notification using 'notify2'
[9.735s] DEBUG:colcon.colcon_notification.desktop_notification.notify2:Failed to initialize notify2: org.freedesktop.DBus.Error.NotSupported: Unable to autolaunch a dbus-daemon without a $DISPLAY for X11
[9.735s] DEBUG:colcon.colcon_core.event_reactor:joined thread
[9.736s] INFO:colcon.colcon_core.shell:Creating prefix script '/hw_ws/install/local_setup.ps1'
[9.736s] INFO:colcon.colcon_core.shell:Creating prefix util module '/hw_ws/install/_local_setup_util_ps1.py'
[9.738s] INFO:colcon.colcon_core.shell:Creating prefix chain script '/hw_ws/install/setup.ps1'
[9.739s] INFO:colcon.colcon_core.shell:Creating prefix script '/hw_ws/install/local_setup.sh'
[9.740s] INFO:colcon.colcon_core.shell:Creating prefix util module '/hw_ws/install/_local_setup_util_sh.py'
[9.740s] INFO:colcon.colcon_core.shell:Creating prefix chain script '/hw_ws/install/setup.sh'
[9.741s] INFO:colcon.colcon_core.shell:Creating prefix script '/hw_ws/install/local_setup.bash'
[9.752s] INFO:colcon.colcon_core.shell:Creating prefix chain script '/hw_ws/install/setup.bash'
[9.753s] INFO:colcon.colcon_core.shell:Creating prefix script '/hw_ws/install/local_setup.zsh'
[9.754s] INFO:colcon.colcon_core.shell:Creating prefix chain script '/hw_ws/install/setup.zsh'
