[0.093s] Invoking command in '/ros2_ws/build/cpp_pubsub': CMAKE_PREFIX_PATH=${CMAKE_PREFIX_PATH}:/opt/ros/iron /usr/bin/cmake --build /ros2_ws/build/cpp_pubsub -- -j4 -l4
[0.158s] -- Found ament_cmake: 2.0.4 (/opt/ros/iron/share/ament_cmake/cmake)
[0.369s] -- Found rclcpp: 21.0.5 (/opt/ros/iron/share/rclcpp/cmake)
[0.422s] -- Found rosidl_generator_c: 4.0.1 (/opt/ros/iron/share/rosidl_generator_c/cmake)
[0.445s] -- Found rosidl_generator_cpp: 4.0.1 (/opt/ros/iron/share/rosidl_generator_cpp/cmake)
[0.445s] -- Using all available rosidl_typesupport_c: rosidl_typesupport_fastrtps_c;rosidl_typesupport_introspection_c
[0.464s] -- Using all available rosidl_typesupport_cpp: rosidl_typesupport_fastrtps_cpp;rosidl_typesupport_introspection_cpp
[0.672s] -- Found rmw_implementation_cmake: 7.1.0 (/opt/ros/iron/share/rmw_implementation_cmake/cmake)
[0.677s] -- Found rmw_fastrtps_cpp: 7.1.3 (/opt/ros/iron/share/rmw_fastrtps_cpp/cmake)
[0.961s] -- Using RMW implementation 'rmw_fastrtps_cpp' as default
[1.180s] -- Found tutorial_interfaces: 0.0.0 (/ros2_ws/install/tutorial_interfaces/share/tutorial_interfaces/cmake)
[1.385s] -- Found ament_lint_auto: 0.14.3 (/opt/ros/iron/share/ament_lint_auto/cmake)
[1.524s] -- Added test 'cppcheck' to perform static code analysis on C / C++ code
[1.524s] -- Configured cppcheck include dirs: 
[1.524s] -- Configured cppcheck exclude dirs and/or files: 
[1.526s] -- Added test 'lint_cmake' to check CMake code style
[1.528s] -- Added test 'uncrustify' to check C / C++ code style
[1.528s] -- Configured uncrustify additional arguments: 
[1.529s] -- Added test 'xmllint' to check XML markup files
[1.548s] -- Configuring done
[1.585s] -- Generating done
[1.585s] -- Build files have been written to: /ros2_ws/build/cpp_pubsub
[1.626s] [35m[1mConsolidate compiler generated dependencies of target talker[0m
[1.629s] [35m[1mConsolidate compiler generated dependencies of target listener[0m
[1.701s] [ 25%] [32mBuilding CXX object CMakeFiles/talker.dir/src/publisher_member_function.cpp.o[0m
[1.706s] [ 50%] [32mBuilding CXX object CMakeFiles/listener.dir/src/subscriber_member_function.cpp.o[0m
[11.769s] [ 75%] [32m[1mLinking CXX executable talker[0m
[12.155s] [ 75%] Built target talker
[14.904s] [100%] [32m[1mLinking CXX executable listener[0m
[15.379s] [100%] Built target listener
[15.400s] Invoked command in '/ros2_ws/build/cpp_pubsub' returned '0': CMAKE_PREFIX_PATH=${CMAKE_PREFIX_PATH}:/opt/ros/iron /usr/bin/cmake --build /ros2_ws/build/cpp_pubsub -- -j4 -l4
[15.558s] Invoking command in '/ros2_ws/build/cpp_pubsub': CMAKE_PREFIX_PATH=${CMAKE_PREFIX_PATH}:/opt/ros/iron /usr/bin/cmake --install /ros2_ws/build/cpp_pubsub
[15.565s] -- Install configuration: ""
[15.569s] -- Installing: /ros2_ws/install/cpp_pubsub/lib/cpp_pubsub/talker
[15.572s] -- Set runtime path of "/ros2_ws/install/cpp_pubsub/lib/cpp_pubsub/talker" to ""
[15.578s] -- Installing: /ros2_ws/install/cpp_pubsub/lib/cpp_pubsub/listener
[15.579s] -- Set runtime path of "/ros2_ws/install/cpp_pubsub/lib/cpp_pubsub/listener" to ""
[15.580s] -- Installing: /ros2_ws/install/cpp_pubsub/share/ament_index/resource_index/package_run_dependencies/cpp_pubsub
[15.581s] -- Installing: /ros2_ws/install/cpp_pubsub/share/ament_index/resource_index/parent_prefix_path/cpp_pubsub
[15.582s] -- Up-to-date: /ros2_ws/install/cpp_pubsub/share/cpp_pubsub/environment/ament_prefix_path.sh
[15.588s] -- Up-to-date: /ros2_ws/install/cpp_pubsub/share/cpp_pubsub/environment/ament_prefix_path.dsv
[15.594s] -- Up-to-date: /ros2_ws/install/cpp_pubsub/share/cpp_pubsub/environment/path.sh
[15.597s] -- Up-to-date: /ros2_ws/install/cpp_pubsub/share/cpp_pubsub/environment/path.dsv
[15.600s] -- Up-to-date: /ros2_ws/install/cpp_pubsub/share/cpp_pubsub/local_setup.bash
[15.603s] -- Up-to-date: /ros2_ws/install/cpp_pubsub/share/cpp_pubsub/local_setup.sh
[15.607s] -- Up-to-date: /ros2_ws/install/cpp_pubsub/share/cpp_pubsub/local_setup.zsh
[15.610s] -- Up-to-date: /ros2_ws/install/cpp_pubsub/share/cpp_pubsub/local_setup.dsv
[15.613s] -- Installing: /ros2_ws/install/cpp_pubsub/share/cpp_pubsub/package.dsv
[15.613s] -- Up-to-date: /ros2_ws/install/cpp_pubsub/share/ament_index/resource_index/packages/cpp_pubsub
[15.614s] -- Up-to-date: /ros2_ws/install/cpp_pubsub/share/cpp_pubsub/cmake/cpp_pubsubConfig.cmake
[15.618s] -- Up-to-date: /ros2_ws/install/cpp_pubsub/share/cpp_pubsub/cmake/cpp_pubsubConfig-version.cmake
[15.621s] -- Installing: /ros2_ws/install/cpp_pubsub/share/cpp_pubsub/package.xml
[15.625s] Invoked command in '/ros2_ws/build/cpp_pubsub' returned '0': CMAKE_PREFIX_PATH=${CMAKE_PREFIX_PATH}:/opt/ros/iron /usr/bin/cmake --install /ros2_ws/build/cpp_pubsub
