[0.030s] Invoking command in '/hw_ws/build/raceteam_hw': CMAKE_PREFIX_PATH=${CMAKE_PREFIX_PATH}:/opt/ros/iron /usr/bin/cmake --build /hw_ws/build/raceteam_hw -- -j4 -l4
[0.187s] [35m[1mConsolidate compiler generated dependencies of target stroke_to_pwm_node[0m
[0.230s] [ 33%] Built target motor_node
[0.235s] [100%] Built target stroke_to_pwm_node
[0.238s] [100%] Built target talker
[0.287s] Invoked command in '/hw_ws/build/raceteam_hw' returned '0': CMAKE_PREFIX_PATH=${CMAKE_PREFIX_PATH}:/opt/ros/iron /usr/bin/cmake --build /hw_ws/build/raceteam_hw -- -j4 -l4
[0.425s] Invoking command in '/hw_ws/build/raceteam_hw': CMAKE_PREFIX_PATH=${CMAKE_PREFIX_PATH}:/opt/ros/iron /usr/bin/cmake --install /hw_ws/build/raceteam_hw
[0.432s] -- Install configuration: ""
[0.433s] -- Up-to-date: /hw_ws/install/raceteam_hw/lib/raceteam_hw/motor_node
[0.433s] -- Up-to-date: /hw_ws/install/raceteam_hw/lib/raceteam_hw/stroke_to_pwm_node
[0.433s] -- Up-to-date: /hw_ws/install/raceteam_hw/lib/raceteam_hw/talker
[0.433s] -- Up-to-date: /hw_ws/install/raceteam_hw/share/ament_index/resource_index/package_run_dependencies/raceteam_hw
[0.433s] -- Up-to-date: /hw_ws/install/raceteam_hw/share/ament_index/resource_index/parent_prefix_path/raceteam_hw
[0.433s] -- Up-to-date: /hw_ws/install/raceteam_hw/share/raceteam_hw/environment/ament_prefix_path.sh
[0.434s] -- Up-to-date: /hw_ws/install/raceteam_hw/share/raceteam_hw/environment/ament_prefix_path.dsv
[0.435s] -- Up-to-date: /hw_ws/install/raceteam_hw/share/raceteam_hw/environment/path.sh
[0.435s] -- Up-to-date: /hw_ws/install/raceteam_hw/share/raceteam_hw/environment/path.dsv
[0.435s] -- Up-to-date: /hw_ws/install/raceteam_hw/share/raceteam_hw/local_setup.bash
[0.435s] -- Up-to-date: /hw_ws/install/raceteam_hw/share/raceteam_hw/local_setup.sh
[0.435s] -- Up-to-date: /hw_ws/install/raceteam_hw/share/raceteam_hw/local_setup.zsh
[0.435s] -- Up-to-date: /hw_ws/install/raceteam_hw/share/raceteam_hw/local_setup.dsv
[0.436s] -- Installing: /hw_ws/install/raceteam_hw/share/raceteam_hw/package.dsv
[0.436s] -- Up-to-date: /hw_ws/install/raceteam_hw/share/ament_index/resource_index/packages/raceteam_hw
[0.436s] -- Up-to-date: /hw_ws/install/raceteam_hw/share/raceteam_hw/cmake/raceteam_hwConfig.cmake
[0.436s] -- Up-to-date: /hw_ws/install/raceteam_hw/share/raceteam_hw/cmake/raceteam_hwConfig-version.cmake
[0.436s] -- Up-to-date: /hw_ws/install/raceteam_hw/share/raceteam_hw/package.xml
[0.436s] Invoked command in '/hw_ws/build/raceteam_hw' returned '0': CMAKE_PREFIX_PATH=${CMAKE_PREFIX_PATH}:/opt/ros/iron /usr/bin/cmake --install /hw_ws/build/raceteam_hw
