[0.033s] Invoking command in '/ros2_ws/build/cpp_srvcli': CMAKE_PREFIX_PATH=/opt/ros/iron /usr/bin/cmake /ros2_ws/src/cpp_srvcli -DCMAKE_INSTALL_PREFIX=/ros2_ws/install/cpp_srvcli
[0.159s] -- The C compiler identification is GNU 11.4.0
[0.245s] -- The CXX compiler identification is GNU 11.4.0
[0.265s] -- Detecting C compiler ABI info
[0.361s] -- Detecting C compiler ABI info - done
[0.361s] -- Check for working C compiler: /usr/bin/cc - skipped
[0.361s] -- Detecting C compile features
[0.361s] -- Detecting C compile features - done
[0.368s] -- Detecting CXX compiler ABI info
[0.467s] -- Detecting CXX compiler ABI info - done
[0.467s] -- Check for working CXX compiler: /usr/bin/c++ - skipped
[0.467s] -- Detecting CXX compile features
[0.467s] -- Detecting CXX compile features - done
[0.477s] -- Found ament_cmake: 2.0.4 (/opt/ros/iron/share/ament_cmake/cmake)
[0.658s] -- Found Python3: /usr/bin/python3.10 (found version "3.10.12") found components: Interpreter 
[0.760s] -- Found rclcpp: 21.0.5 (/opt/ros/iron/share/rclcpp/cmake)
[0.813s] -- Found rosidl_generator_c: 4.0.1 (/opt/ros/iron/share/rosidl_generator_c/cmake)
[0.830s] -- Found rosidl_generator_cpp: 4.0.1 (/opt/ros/iron/share/rosidl_generator_cpp/cmake)
[0.852s] -- Using all available rosidl_typesupport_c: rosidl_typesupport_fastrtps_c;rosidl_typesupport_introspection_c
[0.877s] -- Using all available rosidl_typesupport_cpp: rosidl_typesupport_fastrtps_cpp;rosidl_typesupport_introspection_cpp
[1.054s] -- Found rmw_implementation_cmake: 7.1.0 (/opt/ros/iron/share/rmw_implementation_cmake/cmake)
[1.058s] -- Found rmw_fastrtps_cpp: 7.1.3 (/opt/ros/iron/share/rmw_fastrtps_cpp/cmake)
[1.215s] -- Found OpenSSL: /usr/lib/x86_64-linux-gnu/libcrypto.so (found version "3.0.2")  
[1.251s] -- Found FastRTPS: /opt/ros/iron/include  
[1.300s] -- Using RMW implementation 'rmw_fastrtps_cpp' as default
[1.488s] -- Found example_interfaces: 0.10.2 (/opt/ros/iron/share/example_interfaces/cmake)
[1.760s] -- Found ament_lint_auto: 0.14.3 (/opt/ros/iron/share/ament_lint_auto/cmake)
[1.832s] -- Added test 'cppcheck' to perform static code analysis on C / C++ code
[1.833s] -- Configured cppcheck include dirs: 
[1.833s] -- Configured cppcheck exclude dirs and/or files: 
[1.833s] -- Added test 'lint_cmake' to check CMake code style
[1.833s] -- Added test 'uncrustify' to check C / C++ code style
[1.833s] -- Configured uncrustify additional arguments: 
[1.834s] -- Added test 'xmllint' to check XML markup files
[1.836s] -- Configuring done
[1.861s] -- Generating done
[1.866s] -- Build files have been written to: /ros2_ws/build/cpp_srvcli
[1.877s] Invoked command in '/ros2_ws/build/cpp_srvcli' returned '0': CMAKE_PREFIX_PATH=/opt/ros/iron /usr/bin/cmake /ros2_ws/src/cpp_srvcli -DCMAKE_INSTALL_PREFIX=/ros2_ws/install/cpp_srvcli
[1.881s] Invoking command in '/ros2_ws/build/cpp_srvcli': CMAKE_PREFIX_PATH=/opt/ros/iron /usr/bin/cmake --build /ros2_ws/build/cpp_srvcli -- -j4 -l4
[1.961s] [ 25%] [32mBuilding CXX object CMakeFiles/client.dir/src/add_two_ints_client.cpp.o[0m
[1.963s] [ 50%] [32mBuilding CXX object CMakeFiles/server.dir/src/add_two_ints_server.cpp.o[0m
[9.116s] [ 75%] [32m[1mLinking CXX executable server[0m
[9.456s] [ 75%] Built target server
[9.507s] [100%] [32m[1mLinking CXX executable client[0m
[9.727s] [100%] Built target client
[9.752s] Invoked command in '/ros2_ws/build/cpp_srvcli' returned '0': CMAKE_PREFIX_PATH=/opt/ros/iron /usr/bin/cmake --build /ros2_ws/build/cpp_srvcli -- -j4 -l4
[9.824s] Invoking command in '/ros2_ws/build/cpp_srvcli': CMAKE_PREFIX_PATH=/opt/ros/iron /usr/bin/cmake --install /ros2_ws/build/cpp_srvcli
[9.835s] -- Install configuration: ""
[9.837s] -- Installing: /ros2_ws/install/cpp_srvcli/lib/cpp_srvcli/server
[9.838s] -- Set runtime path of "/ros2_ws/install/cpp_srvcli/lib/cpp_srvcli/server" to ""
[9.838s] -- Installing: /ros2_ws/install/cpp_srvcli/lib/cpp_srvcli/client
[9.844s] -- Set runtime path of "/ros2_ws/install/cpp_srvcli/lib/cpp_srvcli/client" to ""
[9.844s] -- Installing: /ros2_ws/install/cpp_srvcli/share/ament_index/resource_index/package_run_dependencies/cpp_srvcli
[9.844s] -- Installing: /ros2_ws/install/cpp_srvcli/share/ament_index/resource_index/parent_prefix_path/cpp_srvcli
[9.844s] -- Installing: /ros2_ws/install/cpp_srvcli/share/cpp_srvcli/environment/ament_prefix_path.sh
[9.844s] -- Installing: /ros2_ws/install/cpp_srvcli/share/cpp_srvcli/environment/ament_prefix_path.dsv
[9.844s] -- Installing: /ros2_ws/install/cpp_srvcli/share/cpp_srvcli/environment/path.sh
[9.844s] -- Installing: /ros2_ws/install/cpp_srvcli/share/cpp_srvcli/environment/path.dsv
[9.845s] -- Installing: /ros2_ws/install/cpp_srvcli/share/cpp_srvcli/local_setup.bash
[9.845s] -- Installing: /ros2_ws/install/cpp_srvcli/share/cpp_srvcli/local_setup.sh
[9.845s] -- Installing: /ros2_ws/install/cpp_srvcli/share/cpp_srvcli/local_setup.zsh
[9.846s] -- Installing: /ros2_ws/install/cpp_srvcli/share/cpp_srvcli/local_setup.dsv
[9.846s] -- Installing: /ros2_ws/install/cpp_srvcli/share/cpp_srvcli/package.dsv
[9.846s] -- Installing: /ros2_ws/install/cpp_srvcli/share/ament_index/resource_index/packages/cpp_srvcli
[9.846s] -- Installing: /ros2_ws/install/cpp_srvcli/share/cpp_srvcli/cmake/cpp_srvcliConfig.cmake
[9.847s] -- Installing: /ros2_ws/install/cpp_srvcli/share/cpp_srvcli/cmake/cpp_srvcliConfig-version.cmake
[9.847s] -- Installing: /ros2_ws/install/cpp_srvcli/share/cpp_srvcli/package.xml
[9.853s] Invoked command in '/ros2_ws/build/cpp_srvcli' returned '0': CMAKE_PREFIX_PATH=/opt/ros/iron /usr/bin/cmake --install /ros2_ws/build/cpp_srvcli
