[0.133s] DEBUG:colcon:Command line arguments: ['/usr/bin/colcon', 'build', '--packages-select', 'raceteam_hw']
[0.133s] DEBUG:colcon:Parsed command line arguments: Namespace(log_base=None, log_level=None, verb_name='build', build_base='build', install_base='install', merge_install=False, symlink_install=False, test_result_base=None, continue_on_error=False, executor='parallel', parallel_workers=4, event_handlers=None, ignore_user_meta=False, metas=['./colcon.meta'], base_paths=['.'], packages_ignore=None, packages_ignore_regex=None, paths=None, packages_up_to=None, packages_up_to_regex=None, packages_above=None, packages_above_and_dependencies=None, packages_above_depth=None, packages_select_by_dep=None, packages_skip_by_dep=None, packages_skip_up_to=None, packages_select_build_failed=False, packages_skip_build_finished=False, packages_select_test_failures=False, packages_skip_test_passed=False, packages_select=['raceteam_hw'], packages_skip=None, packages_select_regex=None, packages_skip_regex=None, packages_start=None, packages_end=None, cmake_args=None, cmake_target=None, cmake_target_skip_unavailable=False, cmake_clean_cache=False, cmake_clean_first=False, cmake_force_configure=False, ament_cmake_args=None, catkin_cmake_args=None, catkin_skip_building_tests=False, mixin_files=None, mixin=None, verb_parser=<colcon_mixin.mixin.mixin_argument.MixinArgumentDecorator object at 0x72d1466bbc10>, verb_extension=<colcon_core.verb.build.BuildVerb object at 0x72d1467f81f0>, main=<bound method BuildVerb.main of <colcon_core.verb.build.BuildVerb object at 0x72d1467f81f0>>, mixin_verb=('build',))
[0.285s] Level 1:colcon.colcon_core.package_discovery:discover_packages(colcon_meta) check parameters
[0.285s] INFO:colcon.colcon_metadata.package_discovery.colcon_meta:Using configuration from '/root/.colcon/metadata/default/Gazebo.meta'
[0.286s] INFO:colcon.colcon_metadata.package_discovery.colcon_meta:Using configuration from '/root/.colcon/metadata/default/fastrtps.meta'
[0.286s] Level 1:colcon.colcon_core.package_discovery:discover_packages(recursive) check parameters
[0.286s] Level 1:colcon.colcon_core.package_discovery:discover_packages(ignore) check parameters
[0.286s] Level 1:colcon.colcon_core.package_discovery:discover_packages(path) check parameters
[0.286s] Level 1:colcon.colcon_core.package_discovery:discover_packages(colcon_meta) discover
[0.286s] Level 1:colcon.colcon_core.package_discovery:discover_packages(recursive) discover
[0.286s] INFO:colcon.colcon_core.package_discovery:Crawling recursively for packages in '/hw_ws'
[0.286s] Level 1:colcon.colcon_core.package_identification:_identify(.) by extensions ['ignore', 'ignore_ament_install']
[0.286s] Level 1:colcon.colcon_core.package_identification:_identify(.) by extension 'ignore'
[0.286s] Level 1:colcon.colcon_core.package_identification:_identify(.) by extension 'ignore_ament_install'
[0.286s] Level 1:colcon.colcon_core.package_identification:_identify(.) by extensions ['colcon_pkg']
[0.286s] Level 1:colcon.colcon_core.package_identification:_identify(.) by extension 'colcon_pkg'
[0.286s] Level 1:colcon.colcon_core.package_identification:_identify(.) by extensions ['colcon_meta']
[0.286s] Level 1:colcon.colcon_core.package_identification:_identify(.) by extension 'colcon_meta'
[0.286s] Level 1:colcon.colcon_core.package_identification:_identify(.) by extensions ['ros']
[0.286s] Level 1:colcon.colcon_core.package_identification:_identify(.) by extension 'ros'
[0.299s] Level 1:colcon.colcon_core.package_identification:_identify(.) by extensions ['cmake', 'python']
[0.299s] Level 1:colcon.colcon_core.package_identification:_identify(.) by extension 'cmake'
[0.299s] Level 1:colcon.colcon_core.package_identification:_identify(.) by extension 'python'
[0.299s] Level 1:colcon.colcon_core.package_identification:_identify(.) by extensions ['python_setup_py']
[0.299s] Level 1:colcon.colcon_core.package_identification:_identify(.) by extension 'python_setup_py'
[0.299s] Level 1:colcon.colcon_core.package_identification:_identify(build) by extensions ['ignore', 'ignore_ament_install']
[0.299s] Level 1:colcon.colcon_core.package_identification:_identify(build) by extension 'ignore'
[0.299s] Level 1:colcon.colcon_core.package_identification:_identify(build) ignored
[0.299s] Level 1:colcon.colcon_core.package_identification:_identify(install) by extensions ['ignore', 'ignore_ament_install']
[0.299s] Level 1:colcon.colcon_core.package_identification:_identify(install) by extension 'ignore'
[0.299s] Level 1:colcon.colcon_core.package_identification:_identify(install) ignored
[0.300s] Level 1:colcon.colcon_core.package_identification:_identify(log) by extensions ['ignore', 'ignore_ament_install']
[0.300s] Level 1:colcon.colcon_core.package_identification:_identify(log) by extension 'ignore'
[0.300s] Level 1:colcon.colcon_core.package_identification:_identify(log) ignored
[0.300s] Level 1:colcon.colcon_core.package_identification:_identify(src) by extensions ['ignore', 'ignore_ament_install']
[0.300s] Level 1:colcon.colcon_core.package_identification:_identify(src) by extension 'ignore'
[0.300s] Level 1:colcon.colcon_core.package_identification:_identify(src) by extension 'ignore_ament_install'
[0.300s] Level 1:colcon.colcon_core.package_identification:_identify(src) by extensions ['colcon_pkg']
[0.300s] Level 1:colcon.colcon_core.package_identification:_identify(src) by extension 'colcon_pkg'
[0.300s] Level 1:colcon.colcon_core.package_identification:_identify(src) by extensions ['colcon_meta']
[0.300s] Level 1:colcon.colcon_core.package_identification:_identify(src) by extension 'colcon_meta'
[0.300s] Level 1:colcon.colcon_core.package_identification:_identify(src) by extensions ['ros']
[0.300s] Level 1:colcon.colcon_core.package_identification:_identify(src) by extension 'ros'
[0.300s] Level 1:colcon.colcon_core.package_identification:_identify(src) by extensions ['cmake', 'python']
[0.300s] Level 1:colcon.colcon_core.package_identification:_identify(src) by extension 'cmake'
[0.300s] Level 1:colcon.colcon_core.package_identification:_identify(src) by extension 'python'
[0.300s] Level 1:colcon.colcon_core.package_identification:_identify(src) by extensions ['python_setup_py']
[0.300s] Level 1:colcon.colcon_core.package_identification:_identify(src) by extension 'python_setup_py'
[0.301s] Level 1:colcon.colcon_core.package_identification:_identify(src/cpp_topic) by extensions ['ignore', 'ignore_ament_install']
[0.301s] Level 1:colcon.colcon_core.package_identification:_identify(src/cpp_topic) by extension 'ignore'
[0.301s] Level 1:colcon.colcon_core.package_identification:_identify(src/cpp_topic) by extension 'ignore_ament_install'
[0.301s] Level 1:colcon.colcon_core.package_identification:_identify(src/cpp_topic) by extensions ['colcon_pkg']
[0.301s] Level 1:colcon.colcon_core.package_identification:_identify(src/cpp_topic) by extension 'colcon_pkg'
[0.301s] Level 1:colcon.colcon_core.package_identification:_identify(src/cpp_topic) by extensions ['colcon_meta']
[0.301s] Level 1:colcon.colcon_core.package_identification:_identify(src/cpp_topic) by extension 'colcon_meta'
[0.301s] Level 1:colcon.colcon_core.package_identification:_identify(src/cpp_topic) by extensions ['ros']
[0.301s] Level 1:colcon.colcon_core.package_identification:_identify(src/cpp_topic) by extension 'ros'
[0.303s] DEBUG:colcon.colcon_core.package_identification:Package 'src/cpp_topic' with type 'ros.ament_cmake' and name 'cpp_topic'
[0.304s] Level 1:colcon.colcon_core.package_identification:_identify(src/raceteam_softwareHW_2023) by extensions ['ignore', 'ignore_ament_install']
[0.304s] Level 1:colcon.colcon_core.package_identification:_identify(src/raceteam_softwareHW_2023) by extension 'ignore'
[0.304s] Level 1:colcon.colcon_core.package_identification:_identify(src/raceteam_softwareHW_2023) by extension 'ignore_ament_install'
[0.304s] Level 1:colcon.colcon_core.package_identification:_identify(src/raceteam_softwareHW_2023) by extensions ['colcon_pkg']
[0.304s] Level 1:colcon.colcon_core.package_identification:_identify(src/raceteam_softwareHW_2023) by extension 'colcon_pkg'
[0.304s] Level 1:colcon.colcon_core.package_identification:_identify(src/raceteam_softwareHW_2023) by extensions ['colcon_meta']
[0.304s] Level 1:colcon.colcon_core.package_identification:_identify(src/raceteam_softwareHW_2023) by extension 'colcon_meta'
[0.304s] Level 1:colcon.colcon_core.package_identification:_identify(src/raceteam_softwareHW_2023) by extensions ['ros']
[0.304s] Level 1:colcon.colcon_core.package_identification:_identify(src/raceteam_softwareHW_2023) by extension 'ros'
[0.305s] DEBUG:colcon.colcon_core.package_identification:Package 'src/raceteam_softwareHW_2023' with type 'ros.ament_cmake' and name 'raceteam_hw'
[0.305s] Level 1:colcon.colcon_core.package_discovery:discover_packages(recursive) using defaults
[0.305s] Level 1:colcon.colcon_core.package_discovery:discover_packages(ignore) discover
[0.305s] Level 1:colcon.colcon_core.package_discovery:discover_packages(ignore) using defaults
[0.305s] Level 1:colcon.colcon_core.package_discovery:discover_packages(path) discover
[0.305s] Level 1:colcon.colcon_core.package_discovery:discover_packages(path) using defaults
[0.326s] INFO:colcon.colcon_core.package_selection:Skipping not selected package 'cpp_topic' in 'src/cpp_topic'
[0.327s] Level 5:colcon.colcon_core.verb:set package 'raceteam_hw' build argument 'cmake_args' from command line to 'None'
[0.327s] Level 5:colcon.colcon_core.verb:set package 'raceteam_hw' build argument 'cmake_target' from command line to 'None'
[0.327s] Level 5:colcon.colcon_core.verb:set package 'raceteam_hw' build argument 'cmake_target_skip_unavailable' from command line to 'False'
[0.327s] Level 5:colcon.colcon_core.verb:set package 'raceteam_hw' build argument 'cmake_clean_cache' from command line to 'False'
[0.327s] Level 5:colcon.colcon_core.verb:set package 'raceteam_hw' build argument 'cmake_clean_first' from command line to 'False'
[0.327s] Level 5:colcon.colcon_core.verb:set package 'raceteam_hw' build argument 'cmake_force_configure' from command line to 'False'
[0.327s] Level 5:colcon.colcon_core.verb:set package 'raceteam_hw' build argument 'ament_cmake_args' from command line to 'None'
[0.327s] Level 5:colcon.colcon_core.verb:set package 'raceteam_hw' build argument 'catkin_cmake_args' from command line to 'None'
[0.327s] Level 5:colcon.colcon_core.verb:set package 'raceteam_hw' build argument 'catkin_skip_building_tests' from command line to 'False'
[0.327s] DEBUG:colcon.colcon_core.verb:Building package 'raceteam_hw' with the following arguments: {'ament_cmake_args': None, 'build_base': '/hw_ws/build/raceteam_hw', 'catkin_cmake_args': None, 'catkin_skip_building_tests': False, 'cmake_args': None, 'cmake_clean_cache': False, 'cmake_clean_first': False, 'cmake_force_configure': False, 'cmake_target': None, 'cmake_target_skip_unavailable': False, 'install_base': '/hw_ws/install/raceteam_hw', 'merge_install': False, 'path': '/hw_ws/src/raceteam_softwareHW_2023', 'symlink_install': False, 'test_result_base': None}
[0.327s] INFO:colcon.colcon_core.executor:Executing jobs using 'parallel' executor
[0.330s] DEBUG:colcon.colcon_parallel_executor.executor.parallel:run_until_complete
[0.331s] INFO:colcon.colcon_ros.task.ament_cmake.build:Building ROS package in '/hw_ws/src/raceteam_softwareHW_2023' with build type 'ament_cmake'
[0.331s] INFO:colcon.colcon_cmake.task.cmake.build:Building CMake package in '/hw_ws/src/raceteam_softwareHW_2023'
[0.348s] INFO:colcon.colcon_core.plugin_system:Skipping extension 'colcon_core.shell.bat': Not used on non-Windows systems
[0.348s] INFO:colcon.colcon_core.shell:Skip shell extension 'powershell' for command environment: Not usable outside of PowerShell
[0.348s] DEBUG:colcon.colcon_core.shell:Skip shell extension 'dsv' for command environment
[0.441s] DEBUG:colcon.colcon_core.event_handler.log_command:Invoking command in '/hw_ws/build/raceteam_hw': CMAKE_PREFIX_PATH=${CMAKE_PREFIX_PATH}:/opt/ros/iron /usr/bin/cmake /hw_ws/src/raceteam_softwareHW_2023 -DCMAKE_INSTALL_PREFIX=/hw_ws/install/raceteam_hw
[5.250s] DEBUG:colcon.colcon_core.event_handler.log_command:Invoked command in '/hw_ws/build/raceteam_hw' returned '0': CMAKE_PREFIX_PATH=${CMAKE_PREFIX_PATH}:/opt/ros/iron /usr/bin/cmake /hw_ws/src/raceteam_softwareHW_2023 -DCMAKE_INSTALL_PREFIX=/hw_ws/install/raceteam_hw
[5.250s] DEBUG:colcon.colcon_core.event_handler.log_command:Invoking command in '/hw_ws/build/raceteam_hw': CMAKE_PREFIX_PATH=${CMAKE_PREFIX_PATH}:/opt/ros/iron /usr/bin/cmake --build /hw_ws/build/raceteam_hw -- -j4 -l4
[18.548s] DEBUG:colcon.colcon_core.event_handler.log_command:Invoked command in '/hw_ws/build/raceteam_hw' returned '2': CMAKE_PREFIX_PATH=${CMAKE_PREFIX_PATH}:/opt/ros/iron /usr/bin/cmake --build /hw_ws/build/raceteam_hw -- -j4 -l4
[18.683s] Level 1:colcon.colcon_core.environment:create_environment_scripts_only(raceteam_hw)
[18.738s] Level 1:colcon.colcon_core.environment:checking '/hw_ws/install/raceteam_hw' for CMake module files
[18.739s] Level 1:colcon.colcon_core.environment:checking '/hw_ws/install/raceteam_hw' for CMake config files
[18.739s] Level 1:colcon.colcon_core.environment:checking '/hw_ws/install/raceteam_hw/bin'
[18.739s] Level 1:colcon.colcon_core.environment:checking '/hw_ws/install/raceteam_hw/lib/pkgconfig/raceteam_hw.pc'
[18.740s] Level 1:colcon.colcon_core.environment:checking '/hw_ws/install/raceteam_hw/lib/python3.10/site-packages'
[18.740s] Level 1:colcon.colcon_core.environment:checking '/hw_ws/install/raceteam_hw/bin'
[18.741s] INFO:colcon.colcon_core.shell:Creating package script '/hw_ws/install/raceteam_hw/share/raceteam_hw/package.ps1'
[18.743s] INFO:colcon.colcon_core.shell:Creating package descriptor '/hw_ws/install/raceteam_hw/share/raceteam_hw/package.dsv'
[18.745s] INFO:colcon.colcon_core.shell:Creating package script '/hw_ws/install/raceteam_hw/share/raceteam_hw/package.sh'
[18.748s] INFO:colcon.colcon_core.shell:Creating package script '/hw_ws/install/raceteam_hw/share/raceteam_hw/package.bash'
[18.772s] INFO:colcon.colcon_core.shell:Creating package script '/hw_ws/install/raceteam_hw/share/raceteam_hw/package.zsh'
[18.774s] Level 1:colcon.colcon_core.environment:create_file_with_runtime_dependencies(/hw_ws/install/raceteam_hw/share/colcon-core/packages/raceteam_hw)
[18.807s] DEBUG:colcon.colcon_parallel_executor.executor.parallel:closing loop
[18.808s] DEBUG:colcon.colcon_parallel_executor.executor.parallel:loop closed
[18.808s] DEBUG:colcon.colcon_parallel_executor.executor.parallel:run_until_complete finished with '2'
[18.808s] DEBUG:colcon.colcon_core.event_reactor:joining thread
[18.817s] INFO:colcon.colcon_core.plugin_system:Skipping extension 'colcon_notification.desktop_notification.notify_send': Could not find 'notify-send'
[18.818s] INFO:colcon.colcon_core.plugin_system:Skipping extension 'colcon_notification.desktop_notification.terminal_notifier': Not used on non-Darwin systems
[18.818s] INFO:colcon.colcon_core.plugin_system:Skipping extension 'colcon_notification.desktop_notification.win32': Not used on non-Windows systems
[18.818s] INFO:colcon.colcon_notification.desktop_notification:Sending desktop notification using 'notify2'
[18.818s] DEBUG:colcon.colcon_notification.desktop_notification.notify2:Failed to initialize notify2: org.freedesktop.DBus.Error.NotSupported: Unable to autolaunch a dbus-daemon without a $DISPLAY for X11
[18.823s] DEBUG:colcon.colcon_core.event_reactor:joined thread
[18.825s] INFO:colcon.colcon_core.shell:Creating prefix script '/hw_ws/install/local_setup.ps1'
[18.827s] INFO:colcon.colcon_core.shell:Creating prefix util module '/hw_ws/install/_local_setup_util_ps1.py'
[18.830s] INFO:colcon.colcon_core.shell:Creating prefix chain script '/hw_ws/install/setup.ps1'
[18.832s] INFO:colcon.colcon_core.shell:Creating prefix script '/hw_ws/install/local_setup.sh'
[18.833s] INFO:colcon.colcon_core.shell:Creating prefix util module '/hw_ws/install/_local_setup_util_sh.py'
[18.834s] INFO:colcon.colcon_core.shell:Creating prefix chain script '/hw_ws/install/setup.sh'
[18.836s] INFO:colcon.colcon_core.shell:Creating prefix script '/hw_ws/install/local_setup.bash'
[18.837s] INFO:colcon.colcon_core.shell:Creating prefix chain script '/hw_ws/install/setup.bash'
[18.874s] INFO:colcon.colcon_core.shell:Creating prefix script '/hw_ws/install/local_setup.zsh'
[18.876s] INFO:colcon.colcon_core.shell:Creating prefix chain script '/hw_ws/install/setup.zsh'
