[0.075s] Invoking command in '/hw_ws/build/raceteam_hw': CMAKE_PREFIX_PATH=${CMAKE_PREFIX_PATH}:/opt/ros/iron /usr/bin/cmake --build /hw_ws/build/raceteam_hw -- -j4 -l4
[0.194s] [35m[1mConsolidate compiler generated dependencies of target stroke_to_pwm_node[0m
[0.218s] [ 33%] Built target motor_node
[0.243s] [ 66%] Built target talker
[0.258s] [ 83%] [32mBuilding CXX object CMakeFiles/stroke_to_pwm_node.dir/src/stroke_to_pwm_node.cpp.o[0m
[6.518s] [100%] [32m[1mLinking CXX executable stroke_to_pwm_node[0m
[7.004s] [100%] Built target stroke_to_pwm_node
[7.039s] Invoked command in '/hw_ws/build/raceteam_hw' returned '0': CMAKE_PREFIX_PATH=${CMAKE_PREFIX_PATH}:/opt/ros/iron /usr/bin/cmake --build /hw_ws/build/raceteam_hw -- -j4 -l4
[7.113s] Invoking command in '/hw_ws/build/raceteam_hw': CMAKE_PREFIX_PATH=${CMAKE_PREFIX_PATH}:/opt/ros/iron /usr/bin/cmake --install /hw_ws/build/raceteam_hw
[7.130s] -- Install configuration: ""
[7.130s] -- Up-to-date: /hw_ws/install/raceteam_hw/lib/raceteam_hw/motor_node
[7.130s] -- Installing: /hw_ws/install/raceteam_hw/lib/raceteam_hw/stroke_to_pwm_node
[7.165s] -- Set runtime path of "/hw_ws/install/raceteam_hw/lib/raceteam_hw/stroke_to_pwm_node" to ""
[7.165s] -- Up-to-date: /hw_ws/install/raceteam_hw/lib/raceteam_hw/talker
[7.165s] -- Up-to-date: /hw_ws/install/raceteam_hw/share/ament_index/resource_index/package_run_dependencies/raceteam_hw
[7.165s] -- Up-to-date: /hw_ws/install/raceteam_hw/share/ament_index/resource_index/parent_prefix_path/raceteam_hw
[7.165s] -- Up-to-date: /hw_ws/install/raceteam_hw/share/raceteam_hw/environment/ament_prefix_path.sh
[7.165s] -- Up-to-date: /hw_ws/install/raceteam_hw/share/raceteam_hw/environment/ament_prefix_path.dsv
[7.166s] -- Up-to-date: /hw_ws/install/raceteam_hw/share/raceteam_hw/environment/path.sh
[7.166s] -- Up-to-date: /hw_ws/install/raceteam_hw/share/raceteam_hw/environment/path.dsv
[7.166s] -- Up-to-date: /hw_ws/install/raceteam_hw/share/raceteam_hw/local_setup.bash
[7.166s] -- Up-to-date: /hw_ws/install/raceteam_hw/share/raceteam_hw/local_setup.sh
[7.166s] -- Up-to-date: /hw_ws/install/raceteam_hw/share/raceteam_hw/local_setup.zsh
[7.166s] -- Up-to-date: /hw_ws/install/raceteam_hw/share/raceteam_hw/local_setup.dsv
[7.166s] -- Installing: /hw_ws/install/raceteam_hw/share/raceteam_hw/package.dsv
[7.166s] -- Up-to-date: /hw_ws/install/raceteam_hw/share/ament_index/resource_index/packages/raceteam_hw
[7.166s] -- Up-to-date: /hw_ws/install/raceteam_hw/share/raceteam_hw/cmake/raceteam_hwConfig.cmake
[7.167s] -- Up-to-date: /hw_ws/install/raceteam_hw/share/raceteam_hw/cmake/raceteam_hwConfig-version.cmake
[7.167s] -- Up-to-date: /hw_ws/install/raceteam_hw/share/raceteam_hw/package.xml
[7.188s] Invoked command in '/hw_ws/build/raceteam_hw' returned '0': CMAKE_PREFIX_PATH=${CMAKE_PREFIX_PATH}:/opt/ros/iron /usr/bin/cmake --install /hw_ws/build/raceteam_hw
