[01m[K/hw_ws/src/raceteam_softwareHW_2023/src/stroke_to_pwm_node.cpp:[m[K In member function ‘[01m[Kvoid StrokeToPwmNode::pedalSignalCallback(std_msgs::msg::Int32_<std::allocator<void> >::SharedPtr) const[m[K’:
[01m[K/hw_ws/src/raceteam_softwareHW_2023/src/stroke_to_pwm_node.cpp:21:41:[m[K [01;31m[Kerror: [m[Kpassing ‘[01m[Kconst StrokeToPwmNode[m[K’ as ‘[01m[Kthis[m[K’ argument discards qualifiers [[01;31m[K-fpermissive[m[K]
   21 |                 int pwm = [01;31m[KstrokeToSignal(msg->data)[m[K;
      |                           [01;31m[K~~~~~~~~~~~~~~^~~~~~~~~~~[m[K
[01m[K/hw_ws/src/raceteam_softwareHW_2023/src/stroke_to_pwm_node.cpp:29:13:[m[K [01;36m[Knote: [m[K  in call to ‘[01m[Kint StrokeToPwmNode::strokeToSignal(int)[m[K’
   29 |         int [01;36m[KstrokeToSignal[m[K(int num)
      |             [01;36m[K^~~~~~~~~~~~~~[m[K
[01m[K/hw_ws/src/raceteam_softwareHW_2023/src/stroke_to_pwm_node.cpp:22:51:[m[K [01;31m[Kerror: [m[Kexpected primary-expression before ‘[01m[K;[m[K’ token
   22 |                 auto output = std_msgs::msg::Int32[01;31m[K;[m[K
      |                                                   [01;31m[K^[m[K
In file included from [01m[K/opt/ros/iron/include/rclcpp/rclcpp/logging.hpp:24[m[K,
                 from [01m[K/opt/ros/iron/include/rclcpp/rclcpp/client.hpp:43[m[K,
                 from [01m[K/opt/ros/iron/include/rclcpp/rclcpp/callback_group.hpp:24[m[K,
                 from [01m[K/opt/ros/iron/include/rclcpp/rclcpp/any_executable.hpp:20[m[K,
                 from [01m[K/opt/ros/iron/include/rclcpp/rclcpp/memory_strategy.hpp:25[m[K,
                 from [01m[K/opt/ros/iron/include/rclcpp/rclcpp/memory_strategies.hpp:18[m[K,
                 from [01m[K/opt/ros/iron/include/rclcpp/rclcpp/executor_options.hpp:20[m[K,
                 from [01m[K/opt/ros/iron/include/rclcpp/rclcpp/executor.hpp:37[m[K,
                 from [01m[K/opt/ros/iron/include/rclcpp/rclcpp/executors/multi_threaded_executor.hpp:25[m[K,
                 from [01m[K/opt/ros/iron/include/rclcpp/rclcpp/executors.hpp:21[m[K,
                 from [01m[K/opt/ros/iron/include/rclcpp/rclcpp/rclcpp.hpp:167[m[K,
                 from [01m[K/hw_ws/src/raceteam_softwareHW_2023/src/stroke_to_pwm_node.cpp:2[m[K:
[01m[K/hw_ws/src/raceteam_softwareHW_2023/src/stroke_to_pwm_node.cpp:25:70:[m[K [01;31m[Kerror: [m[K‘[01m[Kconst SharedPtr[m[K’ {aka ‘[01m[Kconst class std::shared_ptr<std_msgs::msg::Int32_<std::allocator<void> > >[m[K’} has no member named ‘[01m[Kdata[m[K’
   25 |                 RCLCPP_INFO(this->get_logger(), "I heard: '%d'", msg.[01;31m[Kdata[m[K);
      |                                                                      [01;31m[K^~~~[m[K
gmake[2]: *** [CMakeFiles/stroke_to_pwm_node.dir/build.make:76: CMakeFiles/stroke_to_pwm_node.dir/src/stroke_to_pwm_node.cpp.o] Error 1
gmake[1]: *** [CMakeFiles/Makefile2:167: CMakeFiles/stroke_to_pwm_node.dir/all] Error 2
gmake: *** [Makefile:146: all] Error 2
