[0.054s] Invoking command in '/ros2_ws/src/more_interfaces/build/more_interfaces': CMAKE_PREFIX_PATH=/opt/ros/iron /usr/bin/cmake /ros2_ws/src/more_interfaces -DCMAKE_INSTALL_PREFIX=/ros2_ws/src/more_interfaces/install/more_interfaces
[0.575s] -- The C compiler identification is GNU 11.4.0
[0.824s] -- The CXX compiler identification is GNU 11.4.0
[0.867s] -- Detecting C compiler ABI info
[0.995s] -- Detecting C compiler ABI info - done
[1.002s] -- Check for working C compiler: /usr/bin/cc - skipped
[1.003s] -- Detecting C compile features
[1.007s] -- Detecting C compile features - done
[1.012s] -- Detecting CXX compiler ABI info
[1.150s] -- Detecting CXX compiler ABI info - done
[1.156s] -- Check for working CXX compiler: /usr/bin/c++ - skipped
[1.156s] -- Detecting CXX compile features
[1.156s] -- Detecting CXX compile features - done
[1.183s] -- Found ament_cmake: 2.0.4 (/opt/ros/iron/share/ament_cmake/cmake)
[1.425s] -- Found Python3: /usr/bin/python3.10 (found version "3.10.12") found components: Interpreter 
[1.664s] -- Found rosidl_default_generators: 1.5.0 (/opt/ros/iron/share/rosidl_default_generators/cmake)
[1.681s] -- Using all available rosidl_typesupport_c: rosidl_typesupport_fastrtps_c;rosidl_typesupport_introspection_c
[1.814s] -- Using all available rosidl_typesupport_cpp: rosidl_typesupport_fastrtps_cpp;rosidl_typesupport_introspection_cpp
[1.922s] -- Found rosidl_adapter: 4.0.1 (/opt/ros/iron/share/rosidl_adapter/cmake)
[1.935s] [31mCMake Error at CMakeLists.txt:11 (ifnd_package):
[1.935s]   Unknown CMake command "ifnd_package".
[1.935s] 
[1.936s] [0m
[1.937s] -- Configuring incomplete, errors occurred!
[1.937s] See also "/ros2_ws/src/more_interfaces/build/more_interfaces/CMakeFiles/CMakeOutput.log".
[1.938s] Invoked command in '/ros2_ws/src/more_interfaces/build/more_interfaces' returned '1': CMAKE_PREFIX_PATH=/opt/ros/iron /usr/bin/cmake /ros2_ws/src/more_interfaces -DCMAKE_INSTALL_PREFIX=/ros2_ws/src/more_interfaces/install/more_interfaces
