[0.032s] Invoking command in '/ros2_ws/build/action_tutorials_cpp': CMAKE_PREFIX_PATH=/ros2_ws/install/action_tutorials_interfaces:/ros2_ws/install/cpp_pubsub:/ros2_ws/install/tutorial_interfaces:/ros2_ws/install/more_interfaces:/ros2_ws/install/cpp_srvcli:/ros2_ws/install/cpp_parameters:/opt/ros/iron LD_LIBRARY_PATH=/ros2_ws/install/action_tutorials_interfaces/lib:/ros2_ws/install/tutorial_interfaces/lib:/ros2_ws/install/more_interfaces/lib:/opt/ros/iron/opt/rviz_ogre_vendor/lib:/opt/ros/iron/lib/x86_64-linux-gnu:/opt/ros/iron/lib PYTHONPATH=/ros2_ws/install/action_tutorials_interfaces/lib/python3.10/site-packages:/ros2_ws/install/tutorial_interfaces/lib/python3.10/site-packages:/ros2_ws/install/more_interfaces/lib/python3.10/site-packages:/opt/ros/iron/lib/python3.10/site-packages /usr/bin/cmake --build /ros2_ws/build/action_tutorials_cpp -- -j4 -l4
[0.067s] -- Found ament_cmake: 2.0.4 (/opt/ros/iron/share/ament_cmake/cmake)
[0.270s] -- Found action_tutorials_interfaces: 0.0.0 (/ros2_ws/install/action_tutorials_interfaces/share/action_tutorials_interfaces/cmake)
[0.333s] -- Found rosidl_generator_c: 4.0.1 (/opt/ros/iron/share/rosidl_generator_c/cmake)
[0.343s] -- Found rosidl_generator_cpp: 4.0.1 (/opt/ros/iron/share/rosidl_generator_cpp/cmake)
[0.352s] -- Using all available rosidl_typesupport_c: rosidl_typesupport_fastrtps_c;rosidl_typesupport_introspection_c
[0.377s] -- Using all available rosidl_typesupport_cpp: rosidl_typesupport_fastrtps_cpp;rosidl_typesupport_introspection_cpp
[0.832s] -- Found rclcpp: 21.0.5 (/opt/ros/iron/share/rclcpp/cmake)
[0.832s] -- Found rmw_implementation_cmake: 7.1.0 (/opt/ros/iron/share/rmw_implementation_cmake/cmake)
[0.832s] -- Found rmw_fastrtps_cpp: 7.1.3 (/opt/ros/iron/share/rmw_fastrtps_cpp/cmake)
[0.967s] -- Using RMW implementation 'rmw_fastrtps_cpp' as default
[1.173s] -- Found rclcpp_action: 21.0.5 (/opt/ros/iron/share/rclcpp_action/cmake)
[1.226s] -- Found rclcpp_components: 21.0.5 (/opt/ros/iron/share/rclcpp_components/cmake)
[1.356s] -- Found ament_lint_auto: 0.14.3 (/opt/ros/iron/share/ament_lint_auto/cmake)
[1.489s] -- Added test 'cppcheck' to perform static code analysis on C / C++ code
[1.490s] -- Configured cppcheck include dirs: $<BUILD_INTERFACE:/ros2_ws/src/action_tutorials_cpp/include>
[1.490s] -- Configured cppcheck exclude dirs and/or files: 
[1.491s] -- Added test 'lint_cmake' to check CMake code style
[1.493s] -- Added test 'uncrustify' to check C / C++ code style
[1.493s] -- Configured uncrustify additional arguments: 
[1.494s] -- Added test 'xmllint' to check XML markup files
[1.497s] -- Configuring done
[1.550s] -- Generating done
[1.557s] -- Build files have been written to: /ros2_ws/build/action_tutorials_cpp
[1.617s] [35m[1mConsolidate compiler generated dependencies of target fibonacci_action_server[0m
[1.618s] [35m[1mConsolidate compiler generated dependencies of target action_server[0m
[1.648s] [ 12%] [32mBuilding CXX object CMakeFiles/action_client.dir/src/fibonacci_action_client.cpp.o[0m
[1.666s] [ 25%] [32mBuilding CXX object CMakeFiles/fibonacci_action_client.dir/rclcpp_components/node_main_fibonacci_action_client.cpp.o[0m
[1.680s] [ 50%] Built target fibonacci_action_server
[1.703s] [ 75%] Built target action_server
[7.106s] [ 87%] [32m[1mLinking CXX executable fibonacci_action_client[0m
[7.304s] [ 87%] Built target fibonacci_action_client
[9.131s] [100%] [32m[1mLinking CXX shared library libaction_client.so[0m
[9.409s] [100%] Built target action_client
[9.445s] Invoked command in '/ros2_ws/build/action_tutorials_cpp' returned '0': CMAKE_PREFIX_PATH=/ros2_ws/install/action_tutorials_interfaces:/ros2_ws/install/cpp_pubsub:/ros2_ws/install/tutorial_interfaces:/ros2_ws/install/more_interfaces:/ros2_ws/install/cpp_srvcli:/ros2_ws/install/cpp_parameters:/opt/ros/iron LD_LIBRARY_PATH=/ros2_ws/install/action_tutorials_interfaces/lib:/ros2_ws/install/tutorial_interfaces/lib:/ros2_ws/install/more_interfaces/lib:/opt/ros/iron/opt/rviz_ogre_vendor/lib:/opt/ros/iron/lib/x86_64-linux-gnu:/opt/ros/iron/lib PYTHONPATH=/ros2_ws/install/action_tutorials_interfaces/lib/python3.10/site-packages:/ros2_ws/install/tutorial_interfaces/lib/python3.10/site-packages:/ros2_ws/install/more_interfaces/lib/python3.10/site-packages:/opt/ros/iron/lib/python3.10/site-packages /usr/bin/cmake --build /ros2_ws/build/action_tutorials_cpp -- -j4 -l4
[9.587s] Invoking command in '/ros2_ws/build/action_tutorials_cpp': CMAKE_PREFIX_PATH=/ros2_ws/install/action_tutorials_interfaces:/ros2_ws/install/cpp_pubsub:/ros2_ws/install/tutorial_interfaces:/ros2_ws/install/more_interfaces:/ros2_ws/install/cpp_srvcli:/ros2_ws/install/cpp_parameters:/opt/ros/iron LD_LIBRARY_PATH=/ros2_ws/install/action_tutorials_interfaces/lib:/ros2_ws/install/tutorial_interfaces/lib:/ros2_ws/install/more_interfaces/lib:/opt/ros/iron/opt/rviz_ogre_vendor/lib:/opt/ros/iron/lib/x86_64-linux-gnu:/opt/ros/iron/lib PYTHONPATH=/ros2_ws/install/action_tutorials_interfaces/lib/python3.10/site-packages:/ros2_ws/install/tutorial_interfaces/lib/python3.10/site-packages:/ros2_ws/install/more_interfaces/lib/python3.10/site-packages:/opt/ros/iron/lib/python3.10/site-packages /usr/bin/cmake --install /ros2_ws/build/action_tutorials_cpp
[9.606s] -- Install configuration: ""
[9.607s] -- Up-to-date: /ros2_ws/install/action_tutorials_cpp/lib/action_tutorials_cpp/fibonacci_action_server
[9.607s] -- Up-to-date: /ros2_ws/install/action_tutorials_cpp/lib/libaction_server.so
[9.607s] -- Installing: /ros2_ws/install/action_tutorials_cpp/lib/action_tutorials_cpp/fibonacci_action_client
[9.609s] -- Set runtime path of "/ros2_ws/install/action_tutorials_cpp/lib/action_tutorials_cpp/fibonacci_action_client" to ""
[9.609s] -- Installing: /ros2_ws/install/action_tutorials_cpp/lib/libaction_client.so
[9.620s] -- Set runtime path of "/ros2_ws/install/action_tutorials_cpp/lib/libaction_client.so" to ""
[9.622s] -- Up-to-date: /ros2_ws/install/action_tutorials_cpp/share/ament_index/resource_index/package_run_dependencies/action_tutorials_cpp
[9.622s] -- Up-to-date: /ros2_ws/install/action_tutorials_cpp/share/ament_index/resource_index/parent_prefix_path/action_tutorials_cpp
[9.624s] -- Up-to-date: /ros2_ws/install/action_tutorials_cpp/share/action_tutorials_cpp/environment/ament_prefix_path.sh
[9.624s] -- Up-to-date: /ros2_ws/install/action_tutorials_cpp/share/action_tutorials_cpp/environment/ament_prefix_path.dsv
[9.624s] -- Up-to-date: /ros2_ws/install/action_tutorials_cpp/share/action_tutorials_cpp/environment/path.sh
[9.624s] -- Up-to-date: /ros2_ws/install/action_tutorials_cpp/share/action_tutorials_cpp/environment/path.dsv
[9.625s] -- Up-to-date: /ros2_ws/install/action_tutorials_cpp/share/action_tutorials_cpp/local_setup.bash
[9.625s] -- Up-to-date: /ros2_ws/install/action_tutorials_cpp/share/action_tutorials_cpp/local_setup.sh
[9.625s] -- Up-to-date: /ros2_ws/install/action_tutorials_cpp/share/action_tutorials_cpp/local_setup.zsh
[9.625s] -- Up-to-date: /ros2_ws/install/action_tutorials_cpp/share/action_tutorials_cpp/local_setup.dsv
[9.625s] -- Installing: /ros2_ws/install/action_tutorials_cpp/share/action_tutorials_cpp/package.dsv
[9.625s] -- Up-to-date: /ros2_ws/install/action_tutorials_cpp/share/ament_index/resource_index/packages/action_tutorials_cpp
[9.625s] -- Installing: /ros2_ws/install/action_tutorials_cpp/share/ament_index/resource_index/rclcpp_components/action_tutorials_cpp
[9.625s] -- Up-to-date: /ros2_ws/install/action_tutorials_cpp/share/action_tutorials_cpp/cmake/action_tutorials_cppConfig.cmake
[9.625s] -- Up-to-date: /ros2_ws/install/action_tutorials_cpp/share/action_tutorials_cpp/cmake/action_tutorials_cppConfig-version.cmake
[9.625s] -- Up-to-date: /ros2_ws/install/action_tutorials_cpp/share/action_tutorials_cpp/package.xml
[9.632s] Invoked command in '/ros2_ws/build/action_tutorials_cpp' returned '0': CMAKE_PREFIX_PATH=/ros2_ws/install/action_tutorials_interfaces:/ros2_ws/install/cpp_pubsub:/ros2_ws/install/tutorial_interfaces:/ros2_ws/install/more_interfaces:/ros2_ws/install/cpp_srvcli:/ros2_ws/install/cpp_parameters:/opt/ros/iron LD_LIBRARY_PATH=/ros2_ws/install/action_tutorials_interfaces/lib:/ros2_ws/install/tutorial_interfaces/lib:/ros2_ws/install/more_interfaces/lib:/opt/ros/iron/opt/rviz_ogre_vendor/lib:/opt/ros/iron/lib/x86_64-linux-gnu:/opt/ros/iron/lib PYTHONPATH=/ros2_ws/install/action_tutorials_interfaces/lib/python3.10/site-packages:/ros2_ws/install/tutorial_interfaces/lib/python3.10/site-packages:/ros2_ws/install/more_interfaces/lib/python3.10/site-packages:/opt/ros/iron/lib/python3.10/site-packages /usr/bin/cmake --install /ros2_ws/build/action_tutorials_cpp
