[0.095s] DEBUG:colcon:Command line arguments: ['/usr/bin/colcon', 'build']
[0.095s] DEBUG:colcon:Parsed command line arguments: Namespace(log_base=None, log_level=None, verb_name='build', build_base='build', install_base='install', merge_install=False, symlink_install=False, test_result_base=None, continue_on_error=False, executor='parallel', parallel_workers=4, event_handlers=None, ignore_user_meta=False, metas=['./colcon.meta'], base_paths=['.'], packages_ignore=None, packages_ignore_regex=None, paths=None, packages_up_to=None, packages_up_to_regex=None, packages_above=None, packages_above_and_dependencies=None, packages_above_depth=None, packages_select_by_dep=None, packages_skip_by_dep=None, packages_skip_up_to=None, packages_select_build_failed=False, packages_skip_build_finished=False, packages_select_test_failures=False, packages_skip_test_passed=False, packages_select=None, packages_skip=None, packages_select_regex=None, packages_skip_regex=None, packages_start=None, packages_end=None, cmake_args=None, cmake_target=None, cmake_target_skip_unavailable=False, cmake_clean_cache=False, cmake_clean_first=False, cmake_force_configure=False, ament_cmake_args=None, catkin_cmake_args=None, catkin_skip_building_tests=False, mixin_files=None, mixin=None, verb_parser=<colcon_mixin.mixin.mixin_argument.MixinArgumentDecorator object at 0x76a4bc76fbb0>, verb_extension=<colcon_core.verb.build.BuildVerb object at 0x76a4bc8dffa0>, main=<bound method BuildVerb.main of <colcon_core.verb.build.BuildVerb object at 0x76a4bc8dffa0>>, mixin_verb=('build',))
[0.188s] Level 1:colcon.colcon_core.package_discovery:discover_packages(colcon_meta) check parameters
[0.189s] INFO:colcon.colcon_metadata.package_discovery.colcon_meta:Using configuration from '/root/.colcon/metadata/default/Gazebo.meta'
[0.189s] INFO:colcon.colcon_metadata.package_discovery.colcon_meta:Using configuration from '/root/.colcon/metadata/default/fastrtps.meta'
[0.190s] Level 1:colcon.colcon_core.package_discovery:discover_packages(recursive) check parameters
[0.190s] Level 1:colcon.colcon_core.package_discovery:discover_packages(ignore) check parameters
[0.190s] Level 1:colcon.colcon_core.package_discovery:discover_packages(path) check parameters
[0.190s] Level 1:colcon.colcon_core.package_discovery:discover_packages(colcon_meta) discover
[0.190s] Level 1:colcon.colcon_core.package_discovery:discover_packages(recursive) discover
[0.190s] INFO:colcon.colcon_core.package_discovery:Crawling recursively for packages in '/hw_ws/src'
[0.190s] Level 1:colcon.colcon_core.package_identification:_identify(.) by extensions ['ignore', 'ignore_ament_install']
[0.190s] Level 1:colcon.colcon_core.package_identification:_identify(.) by extension 'ignore'
[0.190s] Level 1:colcon.colcon_core.package_identification:_identify(.) by extension 'ignore_ament_install'
[0.190s] Level 1:colcon.colcon_core.package_identification:_identify(.) by extensions ['colcon_pkg']
[0.190s] Level 1:colcon.colcon_core.package_identification:_identify(.) by extension 'colcon_pkg'
[0.190s] Level 1:colcon.colcon_core.package_identification:_identify(.) by extensions ['colcon_meta']
[0.190s] Level 1:colcon.colcon_core.package_identification:_identify(.) by extension 'colcon_meta'
[0.190s] Level 1:colcon.colcon_core.package_identification:_identify(.) by extensions ['ros']
[0.190s] Level 1:colcon.colcon_core.package_identification:_identify(.) by extension 'ros'
[0.199s] Level 1:colcon.colcon_core.package_identification:_identify(.) by extensions ['cmake', 'python']
[0.199s] Level 1:colcon.colcon_core.package_identification:_identify(.) by extension 'cmake'
[0.199s] Level 1:colcon.colcon_core.package_identification:_identify(.) by extension 'python'
[0.199s] Level 1:colcon.colcon_core.package_identification:_identify(.) by extensions ['python_setup_py']
[0.199s] Level 1:colcon.colcon_core.package_identification:_identify(.) by extension 'python_setup_py'
[0.199s] Level 1:colcon.colcon_core.package_identification:_identify(build) by extensions ['ignore', 'ignore_ament_install']
[0.199s] Level 1:colcon.colcon_core.package_identification:_identify(build) by extension 'ignore'
[0.199s] Level 1:colcon.colcon_core.package_identification:_identify(build) ignored
[0.199s] Level 1:colcon.colcon_core.package_identification:_identify(cpp_topic) by extensions ['ignore', 'ignore_ament_install']
[0.200s] Level 1:colcon.colcon_core.package_identification:_identify(cpp_topic) by extension 'ignore'
[0.200s] Level 1:colcon.colcon_core.package_identification:_identify(cpp_topic) by extension 'ignore_ament_install'
[0.200s] Level 1:colcon.colcon_core.package_identification:_identify(cpp_topic) by extensions ['colcon_pkg']
[0.200s] Level 1:colcon.colcon_core.package_identification:_identify(cpp_topic) by extension 'colcon_pkg'
[0.200s] Level 1:colcon.colcon_core.package_identification:_identify(cpp_topic) by extensions ['colcon_meta']
[0.200s] Level 1:colcon.colcon_core.package_identification:_identify(cpp_topic) by extension 'colcon_meta'
[0.200s] Level 1:colcon.colcon_core.package_identification:_identify(cpp_topic) by extensions ['ros']
[0.200s] Level 1:colcon.colcon_core.package_identification:_identify(cpp_topic) by extension 'ros'
[0.202s] DEBUG:colcon.colcon_core.package_identification:Package 'cpp_topic' with type 'ros.ament_cmake' and name 'cpp_topic'
[0.202s] Level 1:colcon.colcon_core.package_identification:_identify(install) by extensions ['ignore', 'ignore_ament_install']
[0.202s] Level 1:colcon.colcon_core.package_identification:_identify(install) by extension 'ignore'
[0.202s] Level 1:colcon.colcon_core.package_identification:_identify(install) ignored
[0.202s] Level 1:colcon.colcon_core.package_identification:_identify(log) by extensions ['ignore', 'ignore_ament_install']
[0.202s] Level 1:colcon.colcon_core.package_identification:_identify(log) by extension 'ignore'
[0.202s] Level 1:colcon.colcon_core.package_identification:_identify(log) ignored
[0.202s] Level 1:colcon.colcon_core.package_discovery:discover_packages(recursive) using defaults
[0.202s] Level 1:colcon.colcon_core.package_discovery:discover_packages(ignore) discover
[0.202s] Level 1:colcon.colcon_core.package_discovery:discover_packages(ignore) using defaults
[0.202s] Level 1:colcon.colcon_core.package_discovery:discover_packages(path) discover
[0.202s] Level 1:colcon.colcon_core.package_discovery:discover_packages(path) using defaults
[0.215s] Level 5:colcon.colcon_core.verb:set package 'cpp_topic' build argument 'cmake_args' from command line to 'None'
[0.215s] Level 5:colcon.colcon_core.verb:set package 'cpp_topic' build argument 'cmake_target' from command line to 'None'
[0.215s] Level 5:colcon.colcon_core.verb:set package 'cpp_topic' build argument 'cmake_target_skip_unavailable' from command line to 'False'
[0.215s] Level 5:colcon.colcon_core.verb:set package 'cpp_topic' build argument 'cmake_clean_cache' from command line to 'False'
[0.215s] Level 5:colcon.colcon_core.verb:set package 'cpp_topic' build argument 'cmake_clean_first' from command line to 'False'
[0.215s] Level 5:colcon.colcon_core.verb:set package 'cpp_topic' build argument 'cmake_force_configure' from command line to 'False'
[0.215s] Level 5:colcon.colcon_core.verb:set package 'cpp_topic' build argument 'ament_cmake_args' from command line to 'None'
[0.216s] Level 5:colcon.colcon_core.verb:set package 'cpp_topic' build argument 'catkin_cmake_args' from command line to 'None'
[0.216s] Level 5:colcon.colcon_core.verb:set package 'cpp_topic' build argument 'catkin_skip_building_tests' from command line to 'False'
[0.216s] DEBUG:colcon.colcon_core.verb:Building package 'cpp_topic' with the following arguments: {'ament_cmake_args': None, 'build_base': '/hw_ws/src/build/cpp_topic', 'catkin_cmake_args': None, 'catkin_skip_building_tests': False, 'cmake_args': None, 'cmake_clean_cache': False, 'cmake_clean_first': False, 'cmake_force_configure': False, 'cmake_target': None, 'cmake_target_skip_unavailable': False, 'install_base': '/hw_ws/src/install/cpp_topic', 'merge_install': False, 'path': '/hw_ws/src/cpp_topic', 'symlink_install': False, 'test_result_base': None}
[0.216s] INFO:colcon.colcon_core.executor:Executing jobs using 'parallel' executor
[0.218s] DEBUG:colcon.colcon_parallel_executor.executor.parallel:run_until_complete
[0.220s] INFO:colcon.colcon_ros.task.ament_cmake.build:Building ROS package in '/hw_ws/src/cpp_topic' with build type 'ament_cmake'
[0.220s] INFO:colcon.colcon_cmake.task.cmake.build:Building CMake package in '/hw_ws/src/cpp_topic'
[0.229s] INFO:colcon.colcon_core.plugin_system:Skipping extension 'colcon_core.shell.bat': Not used on non-Windows systems
[0.229s] INFO:colcon.colcon_core.shell:Skip shell extension 'powershell' for command environment: Not usable outside of PowerShell
[0.229s] DEBUG:colcon.colcon_core.shell:Skip shell extension 'dsv' for command environment
[0.273s] DEBUG:colcon.colcon_core.event_handler.log_command:Invoking command in '/hw_ws/src/build/cpp_topic': CMAKE_PREFIX_PATH=/opt/ros/iron /usr/bin/cmake /hw_ws/src/cpp_topic -DCMAKE_INSTALL_PREFIX=/hw_ws/src/install/cpp_topic
[1.816s] DEBUG:colcon.colcon_core.event_handler.log_command:Invoked command in '/hw_ws/src/build/cpp_topic' returned '0': CMAKE_PREFIX_PATH=/opt/ros/iron /usr/bin/cmake /hw_ws/src/cpp_topic -DCMAKE_INSTALL_PREFIX=/hw_ws/src/install/cpp_topic
[1.821s] DEBUG:colcon.colcon_core.event_handler.log_command:Invoking command in '/hw_ws/src/build/cpp_topic': CMAKE_PREFIX_PATH=/opt/ros/iron /usr/bin/cmake --build /hw_ws/src/build/cpp_topic -- -j4 -l4
[8.527s] DEBUG:colcon.colcon_core.event_handler.log_command:Invoked command in '/hw_ws/src/build/cpp_topic' returned '0': CMAKE_PREFIX_PATH=/opt/ros/iron /usr/bin/cmake --build /hw_ws/src/build/cpp_topic -- -j4 -l4
[8.606s] DEBUG:colcon.colcon_core.event_handler.log_command:Invoking command in '/hw_ws/src/build/cpp_topic': CMAKE_PREFIX_PATH=/opt/ros/iron /usr/bin/cmake --install /hw_ws/src/build/cpp_topic
[8.642s] Level 1:colcon.colcon_core.environment:create_environment_scripts_only(cpp_topic)
[8.642s] DEBUG:colcon.colcon_core.event_handler.log_command:Invoked command in '/hw_ws/src/build/cpp_topic' returned '0': CMAKE_PREFIX_PATH=/opt/ros/iron /usr/bin/cmake --install /hw_ws/src/build/cpp_topic
[8.645s] Level 1:colcon.colcon_core.environment:checking '/hw_ws/src/install/cpp_topic' for CMake module files
[8.645s] Level 1:colcon.colcon_core.environment:checking '/hw_ws/src/install/cpp_topic' for CMake config files
[8.646s] Level 1:colcon.colcon_core.shell:create_environment_hook('cpp_topic', 'cmake_prefix_path')
[8.646s] INFO:colcon.colcon_core.shell:Creating environment hook '/hw_ws/src/install/cpp_topic/share/cpp_topic/hook/cmake_prefix_path.ps1'
[8.647s] INFO:colcon.colcon_core.shell:Creating environment descriptor '/hw_ws/src/install/cpp_topic/share/cpp_topic/hook/cmake_prefix_path.dsv'
[8.649s] INFO:colcon.colcon_core.shell:Creating environment hook '/hw_ws/src/install/cpp_topic/share/cpp_topic/hook/cmake_prefix_path.sh'
[8.650s] Level 1:colcon.colcon_core.environment:checking '/hw_ws/src/install/cpp_topic/lib'
[8.650s] Level 1:colcon.colcon_core.environment:checking '/hw_ws/src/install/cpp_topic/bin'
[8.650s] Level 1:colcon.colcon_core.environment:checking '/hw_ws/src/install/cpp_topic/lib/pkgconfig/cpp_topic.pc'
[8.652s] Level 1:colcon.colcon_core.environment:checking '/hw_ws/src/install/cpp_topic/lib/python3.10/site-packages'
[8.652s] Level 1:colcon.colcon_core.environment:checking '/hw_ws/src/install/cpp_topic/bin'
[8.653s] INFO:colcon.colcon_core.shell:Creating package script '/hw_ws/src/install/cpp_topic/share/cpp_topic/package.ps1'
[8.653s] INFO:colcon.colcon_core.shell:Creating package descriptor '/hw_ws/src/install/cpp_topic/share/cpp_topic/package.dsv'
[8.654s] INFO:colcon.colcon_core.shell:Creating package script '/hw_ws/src/install/cpp_topic/share/cpp_topic/package.sh'
[8.657s] INFO:colcon.colcon_core.shell:Creating package script '/hw_ws/src/install/cpp_topic/share/cpp_topic/package.bash'
[8.659s] INFO:colcon.colcon_core.shell:Creating package script '/hw_ws/src/install/cpp_topic/share/cpp_topic/package.zsh'
[8.660s] Level 1:colcon.colcon_core.environment:create_file_with_runtime_dependencies(/hw_ws/src/install/cpp_topic/share/colcon-core/packages/cpp_topic)
[8.719s] Level 1:colcon.colcon_core.environment:create_environment_scripts_only(cpp_topic)
[8.720s] Level 1:colcon.colcon_core.environment:checking '/hw_ws/src/install/cpp_topic' for CMake module files
[8.720s] Level 1:colcon.colcon_core.environment:checking '/hw_ws/src/install/cpp_topic' for CMake config files
[8.720s] Level 1:colcon.colcon_core.shell:create_environment_hook('cpp_topic', 'cmake_prefix_path')
[8.720s] INFO:colcon.colcon_core.shell:Creating environment hook '/hw_ws/src/install/cpp_topic/share/cpp_topic/hook/cmake_prefix_path.ps1'
[8.721s] INFO:colcon.colcon_core.shell:Creating environment descriptor '/hw_ws/src/install/cpp_topic/share/cpp_topic/hook/cmake_prefix_path.dsv'
[8.721s] INFO:colcon.colcon_core.shell:Creating environment hook '/hw_ws/src/install/cpp_topic/share/cpp_topic/hook/cmake_prefix_path.sh'
[8.722s] Level 1:colcon.colcon_core.environment:checking '/hw_ws/src/install/cpp_topic/lib'
[8.722s] Level 1:colcon.colcon_core.environment:checking '/hw_ws/src/install/cpp_topic/bin'
[8.722s] Level 1:colcon.colcon_core.environment:checking '/hw_ws/src/install/cpp_topic/lib/pkgconfig/cpp_topic.pc'
[8.723s] Level 1:colcon.colcon_core.environment:checking '/hw_ws/src/install/cpp_topic/lib/python3.10/site-packages'
[8.723s] Level 1:colcon.colcon_core.environment:checking '/hw_ws/src/install/cpp_topic/bin'
[8.723s] INFO:colcon.colcon_core.shell:Creating package script '/hw_ws/src/install/cpp_topic/share/cpp_topic/package.ps1'
[8.723s] INFO:colcon.colcon_core.shell:Creating package descriptor '/hw_ws/src/install/cpp_topic/share/cpp_topic/package.dsv'
[8.724s] INFO:colcon.colcon_core.shell:Creating package script '/hw_ws/src/install/cpp_topic/share/cpp_topic/package.sh'
[8.725s] INFO:colcon.colcon_core.shell:Creating package script '/hw_ws/src/install/cpp_topic/share/cpp_topic/package.bash'
[8.725s] INFO:colcon.colcon_core.shell:Creating package script '/hw_ws/src/install/cpp_topic/share/cpp_topic/package.zsh'
[8.727s] Level 1:colcon.colcon_core.environment:create_file_with_runtime_dependencies(/hw_ws/src/install/cpp_topic/share/colcon-core/packages/cpp_topic)
[8.731s] DEBUG:colcon.colcon_parallel_executor.executor.parallel:closing loop
[8.731s] DEBUG:colcon.colcon_parallel_executor.executor.parallel:loop closed
[8.731s] DEBUG:colcon.colcon_parallel_executor.executor.parallel:run_until_complete finished with '0'
[8.732s] DEBUG:colcon.colcon_core.event_reactor:joining thread
[8.740s] INFO:colcon.colcon_core.plugin_system:Skipping extension 'colcon_notification.desktop_notification.notify_send': Could not find 'notify-send'
[8.740s] INFO:colcon.colcon_core.plugin_system:Skipping extension 'colcon_notification.desktop_notification.terminal_notifier': Not used on non-Darwin systems
[8.740s] INFO:colcon.colcon_core.plugin_system:Skipping extension 'colcon_notification.desktop_notification.win32': Not used on non-Windows systems
[8.740s] INFO:colcon.colcon_notification.desktop_notification:Sending desktop notification using 'notify2'
[8.740s] DEBUG:colcon.colcon_notification.desktop_notification.notify2:Failed to initialize notify2: org.freedesktop.DBus.Error.NotSupported: Unable to autolaunch a dbus-daemon without a $DISPLAY for X11
[8.741s] DEBUG:colcon.colcon_core.event_reactor:joined thread
[8.741s] INFO:colcon.colcon_core.shell:Creating prefix script '/hw_ws/src/install/local_setup.ps1'
[8.742s] INFO:colcon.colcon_core.shell:Creating prefix util module '/hw_ws/src/install/_local_setup_util_ps1.py'
[8.743s] INFO:colcon.colcon_core.shell:Creating prefix chain script '/hw_ws/src/install/setup.ps1'
[8.744s] INFO:colcon.colcon_core.shell:Creating prefix script '/hw_ws/src/install/local_setup.sh'
[8.745s] INFO:colcon.colcon_core.shell:Creating prefix util module '/hw_ws/src/install/_local_setup_util_sh.py'
[8.746s] INFO:colcon.colcon_core.shell:Creating prefix chain script '/hw_ws/src/install/setup.sh'
[8.747s] INFO:colcon.colcon_core.shell:Creating prefix script '/hw_ws/src/install/local_setup.bash'
[8.747s] INFO:colcon.colcon_core.shell:Creating prefix chain script '/hw_ws/src/install/setup.bash'
[8.761s] INFO:colcon.colcon_core.shell:Creating prefix script '/hw_ws/src/install/local_setup.zsh'
[8.761s] INFO:colcon.colcon_core.shell:Creating prefix chain script '/hw_ws/src/install/setup.zsh'
