[0.052s] Invoking command in '/hw_ws/src/build/cpp_topic': CMAKE_PREFIX_PATH=/opt/ros/iron /usr/bin/cmake /hw_ws/src/cpp_topic -DCMAKE_INSTALL_PREFIX=/hw_ws/src/install/cpp_topic
[0.168s] -- The C compiler identification is GNU 11.4.0
[0.241s] -- The CXX compiler identification is GNU 11.4.0
[0.253s] -- Detecting C compiler ABI info
[0.379s] -- Detecting C compiler ABI info - done
[0.386s] -- Check for working C compiler: /usr/bin/cc - skipped
[0.387s] -- Detecting C compile features
[0.387s] -- Detecting C compile features - done
[0.392s] -- Detecting CXX compiler ABI info
[0.551s] -- Detecting CXX compiler ABI info - done
[0.552s] -- Check for working CXX compiler: /usr/bin/c++ - skipped
[0.552s] -- Detecting CXX compile features
[0.552s] -- Detecting CXX compile features - done
[0.552s] -- Found ament_cmake: 2.0.4 (/opt/ros/iron/share/ament_cmake/cmake)
[0.712s] -- Found Python3: /usr/bin/python3.10 (found version "3.10.12") found components: Interpreter 
[0.793s] -- Found rclcpp: 21.0.5 (/opt/ros/iron/share/rclcpp/cmake)
[0.824s] -- Found rosidl_generator_c: 4.0.1 (/opt/ros/iron/share/rosidl_generator_c/cmake)
[0.839s] -- Found rosidl_generator_cpp: 4.0.1 (/opt/ros/iron/share/rosidl_generator_cpp/cmake)
[0.857s] -- Using all available rosidl_typesupport_c: rosidl_typesupport_fastrtps_c;rosidl_typesupport_introspection_c
[0.872s] -- Using all available rosidl_typesupport_cpp: rosidl_typesupport_fastrtps_cpp;rosidl_typesupport_introspection_cpp
[0.994s] -- Found rmw_implementation_cmake: 7.1.0 (/opt/ros/iron/share/rmw_implementation_cmake/cmake)
[0.995s] -- Found rmw_fastrtps_cpp: 7.1.3 (/opt/ros/iron/share/rmw_fastrtps_cpp/cmake)
[1.172s] -- Found OpenSSL: /usr/lib/x86_64-linux-gnu/libcrypto.so (found version "3.0.2")  
[1.223s] -- Found FastRTPS: /opt/ros/iron/include  
[1.275s] -- Using RMW implementation 'rmw_fastrtps_cpp' as default
[1.446s] -- Found std_msgs: 5.0.0 (/opt/ros/iron/share/std_msgs/cmake)
[1.475s] -- Found ament_lint_auto: 0.14.3 (/opt/ros/iron/share/ament_lint_auto/cmake)
[1.546s] -- Added test 'cppcheck' to perform static code analysis on C / C++ code
[1.546s] -- Configured cppcheck include dirs: 
[1.546s] -- Configured cppcheck exclude dirs and/or files: 
[1.547s] -- Added test 'flake8' to check Python code syntax and style conventions
[1.547s] -- Configured 'flake8' exclude dirs and/or files: 
[1.547s] -- Added test 'lint_cmake' to check CMake code style
[1.547s] -- Added test 'pep257' to check Python code against some of the docstring style conventions in PEP 257
[1.547s] -- Added test 'uncrustify' to check C / C++ code style
[1.548s] -- Configured uncrustify additional arguments: 
[1.548s] -- Added test 'xmllint' to check XML markup files
[1.551s] -- Configuring done
[1.581s] -- Generating done
[1.584s] -- Build files have been written to: /hw_ws/src/build/cpp_topic
[1.595s] Invoked command in '/hw_ws/src/build/cpp_topic' returned '0': CMAKE_PREFIX_PATH=/opt/ros/iron /usr/bin/cmake /hw_ws/src/cpp_topic -DCMAKE_INSTALL_PREFIX=/hw_ws/src/install/cpp_topic
[1.600s] Invoking command in '/hw_ws/src/build/cpp_topic': CMAKE_PREFIX_PATH=/opt/ros/iron /usr/bin/cmake --build /hw_ws/src/build/cpp_topic -- -j4 -l4
[1.697s] [ 25%] [32mBuilding CXX object CMakeFiles/talker.dir/src/publisher_member_function.cpp.o[0m
[1.698s] [ 50%] [32mBuilding CXX object CMakeFiles/listener.dir/src/subscriber_member_function.cpp.o[0m
[5.523s] [ 75%] [32m[1mLinking CXX executable talker[0m
[5.743s] [ 75%] Built target talker
[7.933s] [100%] [32m[1mLinking CXX executable listener[0m
[8.291s] [100%] Built target listener
[8.306s] Invoked command in '/hw_ws/src/build/cpp_topic' returned '0': CMAKE_PREFIX_PATH=/opt/ros/iron /usr/bin/cmake --build /hw_ws/src/build/cpp_topic -- -j4 -l4
[8.385s] Invoking command in '/hw_ws/src/build/cpp_topic': CMAKE_PREFIX_PATH=/opt/ros/iron /usr/bin/cmake --install /hw_ws/src/build/cpp_topic
[8.391s] -- Install configuration: ""
[8.392s] -- Installing: /hw_ws/src/install/cpp_topic/lib/cpp_topic/talker
[8.393s] -- Set runtime path of "/hw_ws/src/install/cpp_topic/lib/cpp_topic/talker" to ""
[8.393s] -- Installing: /hw_ws/src/install/cpp_topic/lib/cpp_topic/listener
[8.397s] -- Set runtime path of "/hw_ws/src/install/cpp_topic/lib/cpp_topic/listener" to ""
[8.397s] -- Installing: /hw_ws/src/install/cpp_topic/share/ament_index/resource_index/package_run_dependencies/cpp_topic
[8.398s] -- Installing: /hw_ws/src/install/cpp_topic/share/ament_index/resource_index/parent_prefix_path/cpp_topic
[8.402s] -- Installing: /hw_ws/src/install/cpp_topic/share/cpp_topic/environment/ament_prefix_path.sh
[8.402s] -- Installing: /hw_ws/src/install/cpp_topic/share/cpp_topic/environment/ament_prefix_path.dsv
[8.402s] -- Installing: /hw_ws/src/install/cpp_topic/share/cpp_topic/environment/path.sh
[8.402s] -- Installing: /hw_ws/src/install/cpp_topic/share/cpp_topic/environment/path.dsv
[8.402s] -- Installing: /hw_ws/src/install/cpp_topic/share/cpp_topic/local_setup.bash
[8.403s] -- Installing: /hw_ws/src/install/cpp_topic/share/cpp_topic/local_setup.sh
[8.403s] -- Installing: /hw_ws/src/install/cpp_topic/share/cpp_topic/local_setup.zsh
[8.404s] -- Installing: /hw_ws/src/install/cpp_topic/share/cpp_topic/local_setup.dsv
[8.409s] -- Installing: /hw_ws/src/install/cpp_topic/share/cpp_topic/package.dsv
[8.409s] -- Installing: /hw_ws/src/install/cpp_topic/share/ament_index/resource_index/packages/cpp_topic
[8.409s] -- Installing: /hw_ws/src/install/cpp_topic/share/cpp_topic/cmake/cpp_topicConfig.cmake
[8.409s] -- Installing: /hw_ws/src/install/cpp_topic/share/cpp_topic/cmake/cpp_topicConfig-version.cmake
[8.409s] -- Installing: /hw_ws/src/install/cpp_topic/share/cpp_topic/package.xml
[8.421s] Invoked command in '/hw_ws/src/build/cpp_topic' returned '0': CMAKE_PREFIX_PATH=/opt/ros/iron /usr/bin/cmake --install /hw_ws/src/build/cpp_topic
