[35m[1mConsolidate compiler generated dependencies of target talker[0m
[35m[1mConsolidate compiler generated dependencies of target listener[0m
[ 25%] [32mBuilding CXX object CMakeFiles/talker.dir/src/publisher_member_function.cpp.o[0m
[ 75%] Built target listener
[100%] [32m[1mLinking CXX executable talker[0m
[100%] Built target talker
-- Install configuration: ""
-- Installing: /hw_ws/install/cpp_topic/lib/cpp_topic/talker
-- Set runtime path of "/hw_ws/install/cpp_topic/lib/cpp_topic/talker" to ""
-- Up-to-date: /hw_ws/install/cpp_topic/lib/cpp_topic/listener
-- Up-to-date: /hw_ws/install/cpp_topic/share/ament_index/resource_index/package_run_dependencies/cpp_topic
-- Up-to-date: /hw_ws/install/cpp_topic/share/ament_index/resource_index/parent_prefix_path/cpp_topic
-- Up-to-date: /hw_ws/install/cpp_topic/share/cpp_topic/environment/ament_prefix_path.sh
-- Up-to-date: /hw_ws/install/cpp_topic/share/cpp_topic/environment/ament_prefix_path.dsv
-- Up-to-date: /hw_ws/install/cpp_topic/share/cpp_topic/environment/path.sh
-- Up-to-date: /hw_ws/install/cpp_topic/share/cpp_topic/environment/path.dsv
-- Up-to-date: /hw_ws/install/cpp_topic/share/cpp_topic/local_setup.bash
-- Up-to-date: /hw_ws/install/cpp_topic/share/cpp_topic/local_setup.sh
-- Up-to-date: /hw_ws/install/cpp_topic/share/cpp_topic/local_setup.zsh
-- Up-to-date: /hw_ws/install/cpp_topic/share/cpp_topic/local_setup.dsv
-- Installing: /hw_ws/install/cpp_topic/share/cpp_topic/package.dsv
-- Up-to-date: /hw_ws/install/cpp_topic/share/ament_index/resource_index/packages/cpp_topic
-- Up-to-date: /hw_ws/install/cpp_topic/share/cpp_topic/cmake/cpp_topicConfig.cmake
-- Up-to-date: /hw_ws/install/cpp_topic/share/cpp_topic/cmake/cpp_topicConfig-version.cmake
-- Up-to-date: /hw_ws/install/cpp_topic/share/cpp_topic/package.xml
