[0.040s] Invoking command in '/hw_ws/build/cpp_topic': CMAKE_PREFIX_PATH=${CMAKE_PREFIX_PATH}:/opt/ros/iron /usr/bin/cmake --build /hw_ws/build/cpp_topic -- -j4 -l4
[0.167s] [35m[1mConsolidate compiler generated dependencies of target talker[0m
[0.172s] [35m[1mConsolidate compiler generated dependencies of target listener[0m
[0.219s] [ 25%] [32mBuilding CXX object CMakeFiles/talker.dir/src/publisher_member_function.cpp.o[0m
[0.238s] [ 75%] Built target listener
[3.409s] [100%] [32m[1mLinking CXX executable talker[0m
[3.588s] [100%] Built target talker
[3.615s] Invoked command in '/hw_ws/build/cpp_topic' returned '0': CMAKE_PREFIX_PATH=${CMAKE_PREFIX_PATH}:/opt/ros/iron /usr/bin/cmake --build /hw_ws/build/cpp_topic -- -j4 -l4
[3.709s] Invoking command in '/hw_ws/build/cpp_topic': CMAKE_PREFIX_PATH=${CMAKE_PREFIX_PATH}:/opt/ros/iron /usr/bin/cmake --install /hw_ws/build/cpp_topic
[3.718s] -- Install configuration: ""
[3.719s] -- Installing: /hw_ws/install/cpp_topic/lib/cpp_topic/talker
[3.720s] -- Set runtime path of "/hw_ws/install/cpp_topic/lib/cpp_topic/talker" to ""
[3.720s] -- Up-to-date: /hw_ws/install/cpp_topic/lib/cpp_topic/listener
[3.748s] -- Up-to-date: /hw_ws/install/cpp_topic/share/ament_index/resource_index/package_run_dependencies/cpp_topic
[3.752s] -- Up-to-date: /hw_ws/install/cpp_topic/share/ament_index/resource_index/parent_prefix_path/cpp_topic
[3.755s] -- Up-to-date: /hw_ws/install/cpp_topic/share/cpp_topic/environment/ament_prefix_path.sh
[3.757s] -- Up-to-date: /hw_ws/install/cpp_topic/share/cpp_topic/environment/ament_prefix_path.dsv
[3.760s] -- Up-to-date: /hw_ws/install/cpp_topic/share/cpp_topic/environment/path.sh
[3.763s] -- Up-to-date: /hw_ws/install/cpp_topic/share/cpp_topic/environment/path.dsv
[3.766s] -- Up-to-date: /hw_ws/install/cpp_topic/share/cpp_topic/local_setup.bash
[3.768s] -- Up-to-date: /hw_ws/install/cpp_topic/share/cpp_topic/local_setup.sh
[3.772s] -- Up-to-date: /hw_ws/install/cpp_topic/share/cpp_topic/local_setup.zsh
[3.775s] -- Up-to-date: /hw_ws/install/cpp_topic/share/cpp_topic/local_setup.dsv
[3.779s] -- Installing: /hw_ws/install/cpp_topic/share/cpp_topic/package.dsv
[3.780s] -- Up-to-date: /hw_ws/install/cpp_topic/share/ament_index/resource_index/packages/cpp_topic
[3.780s] -- Up-to-date: /hw_ws/install/cpp_topic/share/cpp_topic/cmake/cpp_topicConfig.cmake
[3.783s] -- Up-to-date: /hw_ws/install/cpp_topic/share/cpp_topic/cmake/cpp_topicConfig-version.cmake
[3.806s] -- Up-to-date: /hw_ws/install/cpp_topic/share/cpp_topic/package.xml
[3.813s] Invoked command in '/hw_ws/build/cpp_topic' returned '0': CMAKE_PREFIX_PATH=${CMAKE_PREFIX_PATH}:/opt/ros/iron /usr/bin/cmake --install /hw_ws/build/cpp_topic
