[0.043s] Invoking command in '/ros2_ws/build/cpp_parameters': CMAKE_PREFIX_PATH=/opt/ros/iron /usr/bin/cmake /ros2_ws/src/cpp_parameters -DCMAKE_INSTALL_PREFIX=/ros2_ws/install/cpp_parameters
[0.597s] -- The C compiler identification is GNU 11.4.0
[0.865s] -- The CXX compiler identification is GNU 11.4.0
[0.888s] -- Detecting C compiler ABI info
[1.060s] -- Detecting C compiler ABI info - done
[1.067s] -- Check for working C compiler: /usr/bin/cc - skipped
[1.069s] -- Detecting C compile features
[1.072s] -- Detecting C compile features - done
[1.077s] -- Detecting CXX compiler ABI info
[1.212s] -- Detecting CXX compiler ABI info - done
[1.223s] -- Check for working CXX compiler: /usr/bin/c++ - skipped
[1.223s] -- Detecting CXX compile features
[1.225s] -- Detecting CXX compile features - done
[1.256s] -- Found ament_cmake: 2.0.4 (/opt/ros/iron/share/ament_cmake/cmake)
[1.494s] -- Found Python3: /usr/bin/python3.10 (found version "3.10.12") found components: Interpreter 
[1.713s] -- Found rclcpp: 21.0.5 (/opt/ros/iron/share/rclcpp/cmake)
[1.873s] -- Found rosidl_generator_c: 4.0.1 (/opt/ros/iron/share/rosidl_generator_c/cmake)
[1.897s] -- Found rosidl_generator_cpp: 4.0.1 (/opt/ros/iron/share/rosidl_generator_cpp/cmake)
[1.949s] -- Using all available rosidl_typesupport_c: rosidl_typesupport_fastrtps_c;rosidl_typesupport_introspection_c
[1.993s] -- Using all available rosidl_typesupport_cpp: rosidl_typesupport_fastrtps_cpp;rosidl_typesupport_introspection_cpp
[2.251s] -- Found rmw_implementation_cmake: 7.1.0 (/opt/ros/iron/share/rmw_implementation_cmake/cmake)
[2.261s] -- Found rmw_fastrtps_cpp: 7.1.3 (/opt/ros/iron/share/rmw_fastrtps_cpp/cmake)
[2.488s] -- Found OpenSSL: /usr/lib/x86_64-linux-gnu/libcrypto.so (found version "3.0.2")  
[2.525s] -- Found FastRTPS: /opt/ros/iron/include  
[2.584s] -- Using RMW implementation 'rmw_fastrtps_cpp' as default
[2.833s] -- Found ament_lint_auto: 0.14.3 (/opt/ros/iron/share/ament_lint_auto/cmake)
[2.955s] -- Added test 'cppcheck' to perform static code analysis on C / C++ code
[2.955s] -- Configured cppcheck include dirs: 
[2.955s] -- Configured cppcheck exclude dirs and/or files: 
[2.957s] -- Added test 'lint_cmake' to check CMake code style
[2.960s] -- Added test 'uncrustify' to check C / C++ code style
[2.960s] -- Configured uncrustify additional arguments: 
[2.961s] -- Added test 'xmllint' to check XML markup files
[2.964s] -- Configuring done
[2.975s] -- Generating done
[2.977s] -- Build files have been written to: /ros2_ws/build/cpp_parameters
[2.986s] Invoked command in '/ros2_ws/build/cpp_parameters' returned '0': CMAKE_PREFIX_PATH=/opt/ros/iron /usr/bin/cmake /ros2_ws/src/cpp_parameters -DCMAKE_INSTALL_PREFIX=/ros2_ws/install/cpp_parameters
[2.986s] Invoking command in '/ros2_ws/build/cpp_parameters': CMAKE_PREFIX_PATH=/opt/ros/iron /usr/bin/cmake --build /ros2_ws/build/cpp_parameters -- -j4 -l4
[3.054s] [ 50%] [32mBuilding CXX object CMakeFiles/minimal_param_node.dir/src/cpp_parameters_node.cpp.o[0m
[9.135s] [100%] [32m[1mLinking CXX executable minimal_param_node[0m
[9.408s] [100%] Built target minimal_param_node
[9.422s] Invoked command in '/ros2_ws/build/cpp_parameters' returned '0': CMAKE_PREFIX_PATH=/opt/ros/iron /usr/bin/cmake --build /ros2_ws/build/cpp_parameters -- -j4 -l4
[9.472s] Invoking command in '/ros2_ws/build/cpp_parameters': CMAKE_PREFIX_PATH=/opt/ros/iron /usr/bin/cmake --install /ros2_ws/build/cpp_parameters
[9.487s] -- Install configuration: ""
[9.487s] -- Installing: /ros2_ws/install/cpp_parameters/lib/cpp_parameters/minimal_param_node
[9.487s] -- Set runtime path of "/ros2_ws/install/cpp_parameters/lib/cpp_parameters/minimal_param_node" to ""
[9.488s] -- Installing: /ros2_ws/install/cpp_parameters/share/ament_index/resource_index/package_run_dependencies/cpp_parameters
[9.488s] -- Installing: /ros2_ws/install/cpp_parameters/share/ament_index/resource_index/parent_prefix_path/cpp_parameters
[9.488s] -- Installing: /ros2_ws/install/cpp_parameters/share/cpp_parameters/environment/ament_prefix_path.sh
[9.488s] -- Installing: /ros2_ws/install/cpp_parameters/share/cpp_parameters/environment/ament_prefix_path.dsv
[9.488s] -- Installing: /ros2_ws/install/cpp_parameters/share/cpp_parameters/environment/path.sh
[9.490s] -- Installing: /ros2_ws/install/cpp_parameters/share/cpp_parameters/environment/path.dsv
[9.492s] -- Installing: /ros2_ws/install/cpp_parameters/share/cpp_parameters/local_setup.bash
[9.494s] -- Installing: /ros2_ws/install/cpp_parameters/share/cpp_parameters/local_setup.sh
[9.494s] -- Installing: /ros2_ws/install/cpp_parameters/share/cpp_parameters/local_setup.zsh
[9.494s] -- Installing: /ros2_ws/install/cpp_parameters/share/cpp_parameters/local_setup.dsv
[9.494s] -- Installing: /ros2_ws/install/cpp_parameters/share/cpp_parameters/package.dsv
[9.494s] -- Installing: /ros2_ws/install/cpp_parameters/share/ament_index/resource_index/packages/cpp_parameters
[9.494s] -- Installing: /ros2_ws/install/cpp_parameters/share/cpp_parameters/cmake/cpp_parametersConfig.cmake
[9.494s] -- Installing: /ros2_ws/install/cpp_parameters/share/cpp_parameters/cmake/cpp_parametersConfig-version.cmake
[9.494s] -- Installing: /ros2_ws/install/cpp_parameters/share/cpp_parameters/package.xml
[9.500s] Invoked command in '/ros2_ws/build/cpp_parameters' returned '0': CMAKE_PREFIX_PATH=/opt/ros/iron /usr/bin/cmake --install /ros2_ws/build/cpp_parameters
